Fitter report for five
Sun Jan 01 03:14:14 2006
Version 6.0 Build 178 04/27/2006 SJ Full Version


---------------------
; Table of Contents ;
---------------------
  1. Legal Notice
  2. Fitter Summary
  3. Fitter Settings
  4. Pin-Out File
  5. Fitter Resource Usage Summary
  6. Input Pins
  7. Output Pins
  8. I/O Bank Usage
  9. All Package Pins
 10. Output Pin Default Load For Reported TCO
 11. Fitter Resource Utilization by Entity
 12. Delay Chain Summary
 13. Pad To Core Delay Chain Fanout
 14. Control Signals
 15. Non-Global High Fan-Out Signals
 16. Interconnect Usage Summary
 17. LAB Logic Elements
 18. LAB-wide Signals
 19. LAB Signals Sourced
 20. LAB Signals Sourced Out
 21. LAB Distinct Inputs
 22. Fitter Device Options
 23. Advanced Data - General
 24. Advanced Data - Placement Preparation
 25. Advanced Data - Placement
 26. Advanced Data - Routing
 27. Fitter Messages
 28. Fitter Suppressed Messages



----------------
; Legal Notice ;
----------------
Copyright (C) 1991-2006 Altera Corporation
Your use of Altera Corporation's design tools, logic functions 
and other software and tools, and its AMPP partner logic 
functions, and any output files any of the foregoing 
(including device programming or simulation files), and any 
associated documentation or information are expressly subject 
to the terms and conditions of the Altera Program License 
Subscription Agreement, Altera MegaCore Function License 
Agreement, or other applicable license agreement, including, 
without limitation, that your use is for the sole purpose of 
programming logic devices manufactured by Altera and sold by 
Altera or its authorized distributors.  Please refer to the 
applicable agreement for further details.



+-------------------------------------------------------------------------------+
; Fitter Summary                                                                ;
+------------------------------------+------------------------------------------+
; Fitter Status                      ; Successful - Sun Jan 01 03:14:14 2006    ;
; Quartus II Version                 ; 6.0 Build 178 04/27/2006 SJ Full Version ;
; Revision Name                      ; five                                     ;
; Top-level Entity Name              ; five                                     ;
; Family                             ; Cyclone II                               ;
; Device                             ; EP2C8T144C8                              ;
; Timing Models                      ; Final                                    ;
; Total logic elements               ; 27 / 8,256 ( < 1 % )                     ;
; Total registers                    ; 8                                        ;
; Total pins                         ; 15 / 85 ( 18 % )                         ;
; Total virtual pins                 ; 0                                        ;
; Total memory bits                  ; 0 / 165,888 ( 0 % )                      ;
; Embedded Multiplier 9-bit elements ; 0 / 36 ( 0 % )                           ;
; Total PLLs                         ; 0 / 2 ( 0 % )                            ;
+------------------------------------+------------------------------------------+


+------------------------------------------------------------------------------------------------------------------+
; Fitter Settings                                                                                                  ;
+------------------------------------------------+--------------------------------+--------------------------------+
; Option                                         ; Setting                        ; Default Value                  ;
+------------------------------------------------+--------------------------------+--------------------------------+
; Device                                         ; EP2C8T144C8                    ;                                ;
; Use smart compilation                          ; Off                            ; Off                            ;
; Router Timing Optimization Level               ; Normal                         ; Normal                         ;
; Placement Effort Multiplier                    ; 1.0                            ; 1.0                            ;
; Router Effort Multiplier                       ; 1.0                            ; 1.0                            ;
; Optimize Hold Timing                           ; IO Paths and Minimum TPD Paths ; IO Paths and Minimum TPD Paths ;
; Optimize Fast-Corner Timing                    ; Off                            ; Off                            ;
; PowerPlay Power Optimization                   ; Normal compilation             ; Normal compilation             ;
; Optimize Timing                                ; Normal compilation             ; Normal compilation             ;
; Optimize IOC Register Placement for Timing     ; On                             ; On                             ;
; Limit to One Fitting Attempt                   ; Off                            ; Off                            ;
; Final Placement Optimizations                  ; Automatically                  ; Automatically                  ;
; Fitter Aggressive Routability Optimizations    ; Automatically                  ; Automatically                  ;
; Fitter Initial Placement Seed                  ; 1                              ; 1                              ;
; PCI I/O                                        ; Off                            ; Off                            ;
; Weak Pull-Up Resistor                          ; Off                            ; Off                            ;
; Enable Bus-Hold Circuitry                      ; Off                            ; Off                            ;
; Auto Global Memory Control Signals             ; Off                            ; Off                            ;
; Auto Packed Registers -- Stratix II/Cyclone II ; Auto                           ; Auto                           ;
; Auto Delay Chains                              ; On                             ; On                             ;
; Auto Merge PLLs                                ; On                             ; On                             ;
; Ignore PLL Mode When Merging PLLs              ; Off                            ; Off                            ;
; Fitter Effort                                  ; Auto Fit                       ; Auto Fit                       ;
; Physical Synthesis Effort Level                ; Normal                         ; Normal                         ;
; Auto Global Clock                              ; On                             ; On                             ;
; Auto Global Register Control Signals           ; On                             ; On                             ;
; Always Enable Input Buffers                    ; Off                            ; Off                            ;
+------------------------------------------------+--------------------------------+--------------------------------+


+--------------+
; Pin-Out File ;
+--------------+
The pin-out file can be found in C:/Documents and Settings/Administrator/×ÀÃæ/five/five.pin.


+------------------------------------------------------------------------+
; Fitter Resource Usage Summary                                          ;
+---------------------------------------------+--------------------------+
; Resource                                    ; Usage                    ;
+---------------------------------------------+--------------------------+
; Total logic elements                        ; 27 / 8,256 ( < 1 % )     ;
;     -- Combinational with no register       ; 19                       ;
;     -- Register only                        ; 0                        ;
;     -- Combinational with a register        ; 8                        ;
;                                             ;                          ;
; Logic element usage by number of LUT inputs ;                          ;
;     -- 4 input functions                    ; 16                       ;
;     -- 3 input functions                    ; 8                        ;
;     -- <=2 input functions                  ; 3                        ;
;     -- Register only                        ; 0                        ;
;                                             ;                          ;
; Logic elements by mode                      ;                          ;
;     -- normal mode                          ; 27                       ;
;     -- arithmetic mode                      ; 0                        ;
;                                             ;                          ;
; Total registers                             ; 8 / 8,256 ( < 1 % )      ;
; Total LABs                                  ; 3 / 516 ( < 1 % )        ;
; User inserted logic elements                ; 0                        ;
; Virtual pins                                ; 0                        ;
; I/O pins                                    ; 15 / 85 ( 18 % )         ;
;     -- Clock pins                           ; 0 / 4 ( 0 % )            ;
; Global signals                              ; 0                        ;
; M4Ks                                        ; 0 / 36 ( 0 % )           ;
; Total memory bits                           ; 0 / 165,888 ( 0 % )      ;
; Total RAM block bits                        ; 0 / 165,888 ( 0 % )      ;
; Embedded Multiplier 9-bit elements          ; 0 / 36 ( 0 % )           ;
; PLLs                                        ; 0 / 2 ( 0 % )            ;
; Global clocks                               ; 0 / 8 ( 0 % )            ;
; Maximum fan-out node                        ; 74163:inst|f74163:sub|34 ;
; Maximum fan-out                             ; 16                       ;
; Highest non-global fan-out signal           ; 74163:inst|f74163:sub|34 ;
; Highest non-global fan-out                  ; 16                       ;
; Total fan-out                               ; 123                      ;
; Average fan-out                             ; 2.32                     ;
+---------------------------------------------+--------------------------+


+------------------------------------------------------------------------------------------------------------------------------------------------------------------------------------------------------------------------------------------------------------+
; Input Pins                                                                                                                                                                                                                                                 ;
+------+-------+----------+--------------+--------------+-------------+-----------------------+--------------------+--------+----------------+---------------+-----------------+----------+--------------+--------------+-------------+----------------------+
; Name ; Pin # ; I/O Bank ; X coordinate ; Y coordinate ; Cell number ; Combinational Fan-Out ; Registered Fan-Out ; Global ; Input Register ; Power Up High ; PCI I/O Enabled ; Bus Hold ; Weak Pull Up ; I/O Standard ; Termination ; Location assigned by ;
+------+-------+----------+--------------+--------------+-------------+-----------------------+--------------------+--------+----------------+---------------+-----------------+----------+--------------+--------------+-------------+----------------------+
; clk  ; 79    ; 3        ; 34           ; 5            ; 0           ; 8                     ; 0                  ; no     ; no             ; no            ; no              ; no       ; Off          ; LVTTL        ; Off         ; User                 ;
+------+-------+----------+--------------+--------------+-------------+-----------------------+--------------------+--------+----------------+---------------+-----------------+----------+--------------+--------------+-------------+----------------------+


+---------------------------------------------------------------------------------------------------------------------------------------------------------------------------------------------------------------------------------------------------------------------------------------------+
; Output Pins                                                                                                                                                                                                                                                                                 ;
+------------+-------+----------+--------------+--------------+-------------+-----------------+------------------------+---------------+-----------------+------------+---------------+----------+--------------+--------------+------------------+-------------+----------------------+------+
; Name       ; Pin # ; I/O Bank ; X coordinate ; Y coordinate ; Cell number ; Output Register ; Output Enable Register ; Power Up High ; PCI I/O Enabled ; Open Drain ; TRI Primitive ; Bus Hold ; Weak Pull Up ; I/O Standard ; Current Strength ; Termination ; Location assigned by ; Load ;
+------------+-------+----------+--------------+--------------+-------------+-----------------+------------------------+---------------+-----------------+------------+---------------+----------+--------------+--------------+------------------+-------------+----------------------+------+
; pin_name1  ; 31    ; 1        ; 0            ; 2            ; 1           ; no              ; no                     ; no            ; no              ; no         ; no            ; no       ; Off          ; LVTTL        ; 24mA             ; Off         ; User                 ; 0 pF ;
; pin_name10 ; 45    ; 4        ; 3            ; 0            ; 1           ; no              ; no                     ; no            ; no              ; no         ; no            ; no       ; Off          ; LVTTL        ; 24mA             ; Off         ; User                 ; 0 pF ;
; pin_name11 ; 51    ; 4        ; 9            ; 0            ; 0           ; no              ; no                     ; no            ; no              ; no         ; no            ; no       ; Off          ; LVTTL        ; 24mA             ; Off         ; User                 ; 0 pF ;
; pin_name12 ; 48    ; 4        ; 5            ; 0            ; 2           ; no              ; no                     ; no            ; no              ; no         ; no            ; no       ; Off          ; LVTTL        ; 24mA             ; Off         ; User                 ; 0 pF ;
; pin_name13 ; 53    ; 4        ; 14           ; 0            ; 0           ; no              ; no                     ; no            ; no              ; no         ; no            ; no       ; Off          ; LVTTL        ; 24mA             ; Off         ; User                 ; 0 pF ;
; pin_name14 ; 52    ; 4        ; 12           ; 0            ; 1           ; no              ; no                     ; no            ; no              ; no         ; no            ; no       ; Off          ; LVTTL        ; 24mA             ; Off         ; User                 ; 0 pF ;
; pin_name15 ; 122   ; 2        ; 25           ; 19           ; 0           ; no              ; no                     ; no            ; no              ; no         ; no            ; no       ; Off          ; LVTTL        ; 24mA             ; Off         ; User                 ; 0 pF ;
; pin_name2  ; 30    ; 1        ; 0            ; 2            ; 0           ; no              ; no                     ; no            ; no              ; no         ; no            ; no       ; Off          ; LVTTL        ; 24mA             ; Off         ; User                 ; 0 pF ;
; pin_name3  ; 40    ; 4        ; 1            ; 0            ; 3           ; no              ; no                     ; no            ; no              ; no         ; no            ; no       ; Off          ; LVTTL        ; 24mA             ; Off         ; User                 ; 0 pF ;
; pin_name4  ; 32    ; 1        ; 0            ; 2            ; 2           ; no              ; no                     ; no            ; no              ; no         ; no            ; no       ; Off          ; LVTTL        ; 24mA             ; Off         ; User                 ; 0 pF ;
; pin_name5  ; 42    ; 4        ; 1            ; 0            ; 1           ; no              ; no                     ; no            ; no              ; no         ; no            ; no       ; Off          ; LVTTL        ; 24mA             ; Off         ; User                 ; 0 pF ;
; pin_name6  ; 41    ; 4        ; 1            ; 0            ; 2           ; no              ; no                     ; no            ; no              ; no         ; no            ; no       ; Off          ; LVTTL        ; 24mA             ; Off         ; User                 ; 0 pF ;
; pin_name7  ; 44    ; 4        ; 3            ; 0            ; 2           ; no              ; no                     ; no            ; no              ; no         ; no            ; no       ; Off          ; LVTTL        ; 24mA             ; Off         ; User                 ; 0 pF ;
; pin_name9  ; 47    ; 4        ; 3            ; 0            ; 0           ; no              ; no                     ; no            ; no              ; no         ; no            ; no       ; Off          ; LVTTL        ; 24mA             ; Off         ; User                 ; 0 pF ;
+------------+-------+----------+--------------+--------------+-------------+-----------------+------------------------+---------------+-----------------+------------+---------------+----------+--------------+--------------+------------------+-------------+----------------------+------+


+------------------------------------------------------------+
; I/O Bank Usage                                             ;
+----------+------------------+---------------+--------------+
; I/O Bank ; Usage            ; VCCIO Voltage ; VREF Voltage ;
+----------+------------------+---------------+--------------+
; 1        ; 5 / 17 ( 29 % )  ; 3.3V          ; --           ;
; 2        ; 1 / 23 ( 4 % )   ; 3.3V          ; --           ;
; 3        ; 2 / 21 ( 10 % )  ; 3.3V          ; --           ;
; 4        ; 10 / 24 ( 42 % ) ; 3.3V          ; --           ;
+----------+------------------+---------------+--------------+


+-------------------------------------------------------------------------------------------------------------------------------------------------------------------------+
; All Package Pins                                                                                                                                                        ;
+----------+------------+----------+-------------------------------------------+--------+--------------+---------+------------+-----------------+----------+--------------+
; Location ; Pad Number ; I/O Bank ; Pin Name/Usage                            ; Dir.   ; I/O Standard ; Voltage ; I/O Type   ; User Assignment ; Bus Hold ; Weak Pull Up ;
+----------+------------+----------+-------------------------------------------+--------+--------------+---------+------------+-----------------+----------+--------------+
; 1        ; 0          ; 1        ; +~ASDO~ / RESERVED_INPUT_WITH_WEAK_PULLUP ; input  ; LVTTL        ;         ; Row I/O    ; N               ; no       ; Off          ;
; 2        ; 1          ; 1        ; +~nCSO~ / RESERVED_INPUT_WITH_WEAK_PULLUP ; input  ; LVTTL        ;         ; Row I/O    ; N               ; no       ; Off          ;
; 3        ; 2          ; 1        ; GND*                                      ;        ;              ;         ; Row I/O    ;                 ; no       ; Off          ;
; 4        ; 3          ; 1        ; GND*                                      ;        ;              ;         ; Row I/O    ;                 ; no       ; Off          ;
; 5        ;            ; 1        ; VCCIO1                                    ; power  ;              ; 3.3V    ; --         ;                 ; --       ; --           ;
; 6        ;            ;          ; GND                                       ; gnd    ;              ;         ; --         ;                 ; --       ; --           ;
; 7        ; 10         ; 1        ; GND*                                      ;        ;              ;         ; Row I/O    ;                 ; no       ; Off          ;
; 8        ; 18         ; 1        ; GND*                                      ;        ;              ;         ; Row I/O    ;                 ; no       ; Off          ;
; 9        ; 19         ; 1        ; GND*                                      ;        ;              ;         ; Row I/O    ;                 ; no       ; Off          ;
; 10       ; 20         ; 1        ; #TDO                                      ; output ;              ;         ; --         ;                 ; --       ; --           ;
; 11       ; 21         ; 1        ; #TMS                                      ; input  ;              ;         ; --         ;                 ; --       ; --           ;
; 12       ; 22         ; 1        ; #TCK                                      ; input  ;              ;         ; --         ;                 ; --       ; --           ;
; 13       ; 23         ; 1        ; #TDI                                      ; input  ;              ;         ; --         ;                 ; --       ; --           ;
; 14       ; 24         ; 1        ; ^DATA0                                    ; input  ;              ;         ; --         ;                 ; --       ; --           ;
; 15       ; 25         ; 1        ; ^DCLK                                     ;        ;              ;         ; --         ;                 ; --       ; --           ;
; 16       ; 26         ; 1        ; ^nCE                                      ;        ;              ;         ; --         ;                 ; --       ; --           ;
; 17       ; 27         ; 1        ; GND+                                      ;        ;              ;         ; Row I/O    ;                 ; --       ; --           ;
; 18       ; 28         ; 1        ; GND+                                      ;        ;              ;         ; Row I/O    ;                 ; --       ; --           ;
; 19       ;            ;          ; GND                                       ; gnd    ;              ;         ; --         ;                 ; --       ; --           ;
; 20       ; 29         ; 1        ; ^nCONFIG                                  ;        ;              ;         ; --         ;                 ; --       ; --           ;
; 21       ; 30         ; 1        ; GND+                                      ;        ;              ;         ; Row I/O    ;                 ; --       ; --           ;
; 22       ; 31         ; 1        ; GND+                                      ;        ;              ;         ; Row I/O    ;                 ; --       ; --           ;
; 23       ;            ; 1        ; VCCIO1                                    ; power  ;              ; 3.3V    ; --         ;                 ; --       ; --           ;
; 24       ; 32         ; 1        ; GND*                                      ;        ;              ;         ; Row I/O    ;                 ; no       ; Off          ;
; 25       ; 33         ; 1        ; GND*                                      ;        ;              ;         ; Row I/O    ;                 ; no       ; Off          ;
; 26       ;            ;          ; VCCINT                                    ; power  ;              ; 1.2V    ; --         ;                 ; --       ; --           ;
; 27       ;            ;          ; GND                                       ; gnd    ;              ;         ; --         ;                 ; --       ; --           ;
; 28       ; 39         ; 1        ; GND*                                      ;        ;              ;         ; Row I/O    ;                 ; no       ; Off          ;
; 29       ;            ; 1        ; VCCIO1                                    ; power  ;              ; 3.3V    ; --         ;                 ; --       ; --           ;
; 30       ; 51         ; 1        ; pin_name2                                 ; output ; LVTTL        ;         ; Row I/O    ; Y               ; no       ; Off          ;
; 31       ; 52         ; 1        ; pin_name1                                 ; output ; LVTTL        ;         ; Row I/O    ; Y               ; no       ; Off          ;
; 32       ; 53         ; 1        ; pin_name4                                 ; output ; LVTTL        ;         ; Row I/O    ; Y               ; no       ; Off          ;
; 33       ;            ;          ; GND                                       ; gnd    ;              ;         ; --         ;                 ; --       ; --           ;
; 34       ;            ;          ; GND_PLL1                                  ; gnd    ;              ;         ; --         ;                 ; --       ; --           ;
; 35       ;            ;          ; VCCD_PLL1                                 ; power  ;              ; 1.2V    ; --         ;                 ; --       ; --           ;
; 36       ;            ;          ; GND_PLL1                                  ; gnd    ;              ;         ; --         ;                 ; --       ; --           ;
; 37       ;            ;          ; VCCA_PLL1                                 ; power  ;              ; 1.2V    ; --         ;                 ; --       ; --           ;
; 38       ;            ;          ; GNDA_PLL1                                 ; gnd    ;              ;         ; --         ;                 ; --       ; --           ;
; 39       ;            ;          ; GND                                       ; gnd    ;              ;         ; --         ;                 ; --       ; --           ;
; 40       ; 54         ; 4        ; pin_name3                                 ; output ; LVTTL        ;         ; Column I/O ; Y               ; no       ; Off          ;
; 41       ; 55         ; 4        ; pin_name6                                 ; output ; LVTTL        ;         ; Column I/O ; Y               ; no       ; Off          ;
; 42       ; 56         ; 4        ; pin_name5                                 ; output ; LVTTL        ;         ; Column I/O ; Y               ; no       ; Off          ;
; 43       ; 57         ; 4        ; GND*                                      ;        ;              ;         ; Column I/O ;                 ; no       ; Off          ;
; 44       ; 58         ; 4        ; pin_name7                                 ; output ; LVTTL        ;         ; Column I/O ; Y               ; no       ; Off          ;
; 45       ; 59         ; 4        ; pin_name10                                ; output ; LVTTL        ;         ; Column I/O ; Y               ; no       ; Off          ;
; 46       ;            ; 4        ; VCCIO4                                    ; power  ;              ; 3.3V    ; --         ;                 ; --       ; --           ;
; 47       ; 60         ; 4        ; pin_name9                                 ; output ; LVTTL        ;         ; Column I/O ; Y               ; no       ; Off          ;
; 48       ; 61         ; 4        ; pin_name12                                ; output ; LVTTL        ;         ; Column I/O ; Y               ; no       ; Off          ;
; 49       ;            ;          ; GND                                       ; gnd    ;              ;         ; --         ;                 ; --       ; --           ;
; 50       ;            ;          ; VCCINT                                    ; power  ;              ; 1.2V    ; --         ;                 ; --       ; --           ;
; 51       ; 69         ; 4        ; pin_name11                                ; output ; LVTTL        ;         ; Column I/O ; Y               ; no       ; Off          ;
; 52       ; 70         ; 4        ; pin_name14                                ; output ; LVTTL        ;         ; Column I/O ; Y               ; no       ; Off          ;
; 53       ; 74         ; 4        ; pin_name13                                ; output ; LVTTL        ;         ; Column I/O ; Y               ; no       ; Off          ;
; 54       ;            ; 4        ; VCCIO4                                    ; power  ;              ; 3.3V    ; --         ;                 ; --       ; --           ;
; 55       ; 75         ; 4        ; GND*                                      ;        ;              ;         ; Column I/O ;                 ; no       ; Off          ;
; 56       ;            ;          ; GND                                       ; gnd    ;              ;         ; --         ;                 ; --       ; --           ;
; 57       ; 76         ; 4        ; GND*                                      ;        ;              ;         ; Column I/O ;                 ; no       ; Off          ;
; 58       ; 77         ; 4        ; GND*                                      ;        ;              ;         ; Column I/O ;                 ; no       ; Off          ;
; 59       ; 78         ; 4        ; GND*                                      ;        ;              ;         ; Column I/O ;                 ; no       ; Off          ;
; 60       ; 79         ; 4        ; GND*                                      ;        ;              ;         ; Column I/O ;                 ; no       ; Off          ;
; 61       ;            ;          ; GND                                       ; gnd    ;              ;         ; --         ;                 ; --       ; --           ;
; 62       ;            ;          ; VCCINT                                    ; power  ;              ; 1.2V    ; --         ;                 ; --       ; --           ;
; 63       ; 89         ; 4        ; GND*                                      ;        ;              ;         ; Column I/O ;                 ; no       ; Off          ;
; 64       ; 92         ; 4        ; GND*                                      ;        ;              ;         ; Column I/O ;                 ; no       ; Off          ;
; 65       ; 93         ; 4        ; GND*                                      ;        ;              ;         ; Column I/O ;                 ; no       ; Off          ;
; 66       ;            ; 4        ; VCCIO4                                    ; power  ;              ; 3.3V    ; --         ;                 ; --       ; --           ;
; 67       ; 96         ; 4        ; GND*                                      ;        ;              ;         ; Column I/O ;                 ; no       ; Off          ;
; 68       ;            ;          ; GND                                       ; gnd    ;              ;         ; --         ;                 ; --       ; --           ;
; 69       ; 97         ; 4        ; GND*                                      ;        ;              ;         ; Column I/O ;                 ; no       ; Off          ;
; 70       ; 98         ; 4        ; GND*                                      ;        ;              ;         ; Column I/O ;                 ; no       ; Off          ;
; 71       ; 99         ; 4        ; GND*                                      ;        ;              ;         ; Column I/O ;                 ; no       ; Off          ;
; 72       ; 100        ; 4        ; GND*                                      ;        ;              ;         ; Column I/O ;                 ; no       ; Off          ;
; 73       ; 101        ; 3        ; GND*                                      ;        ;              ;         ; Row I/O    ;                 ; no       ; Off          ;
; 74       ; 102        ; 3        ; GND*                                      ;        ;              ;         ; Row I/O    ;                 ; no       ; Off          ;
; 75       ; 105        ; 3        ; GND*                                      ;        ;              ;         ; Row I/O    ;                 ; no       ; Off          ;
; 76       ; 106        ; 3        ; *~LVDS54p/nCEO~ / GND*                    ; output ; LVTTL        ;         ; Row I/O    ; N               ; no       ; Off          ;
; 77       ;            ; 3        ; VCCIO3                                    ; power  ;              ; 3.3V    ; --         ;                 ; --       ; --           ;
; 78       ;            ;          ; GND                                       ; gnd    ;              ;         ; --         ;                 ; --       ; --           ;
; 79       ; 114        ; 3        ; clk                                       ; input  ; LVTTL        ;         ; Row I/O    ; Y               ; no       ; Off          ;
; 80       ;            ;          ; GND                                       ; gnd    ;              ;         ; --         ;                 ; --       ; --           ;
; 81       ;            ;          ; VCCINT                                    ; power  ;              ; 1.2V    ; --         ;                 ; --       ; --           ;
; 82       ; 121        ; 3        ; ^nSTATUS                                  ;        ;              ;         ; --         ;                 ; --       ; --           ;
; 83       ; 122        ; 3        ; ^CONF_DONE                                ;        ;              ;         ; --         ;                 ; --       ; --           ;
; 84       ; 123        ; 3        ; ^MSEL1                                    ;        ;              ;         ; --         ;                 ; --       ; --           ;
; 85       ; 124        ; 3        ; ^MSEL0                                    ;        ;              ;         ; --         ;                 ; --       ; --           ;
; 86       ; 125        ; 3        ; GND*                                      ;        ;              ;         ; Row I/O    ;                 ; no       ; Off          ;
; 87       ; 126        ; 3        ; GND*                                      ;        ;              ;         ; Row I/O    ;                 ; no       ; Off          ;
; 88       ; 127        ; 3        ; GND+                                      ;        ;              ;         ; Row I/O    ;                 ; --       ; --           ;
; 89       ; 128        ; 3        ; GND+                                      ;        ;              ;         ; Row I/O    ;                 ; --       ; --           ;
; 90       ; 129        ; 3        ; GND+                                      ;        ;              ;         ; Row I/O    ;                 ; --       ; --           ;
; 91       ; 130        ; 3        ; GND+                                      ;        ;              ;         ; Row I/O    ;                 ; --       ; --           ;
; 92       ; 131        ; 3        ; GND*                                      ;        ;              ;         ; Row I/O    ;                 ; no       ; Off          ;
; 93       ; 132        ; 3        ; GND*                                      ;        ;              ;         ; Row I/O    ;                 ; no       ; Off          ;
; 94       ; 133        ; 3        ; GND*                                      ;        ;              ;         ; Row I/O    ;                 ; no       ; Off          ;
; 95       ;            ; 3        ; VCCIO3                                    ; power  ;              ; 3.3V    ; --         ;                 ; --       ; --           ;
; 96       ; 134        ; 3        ; GND*                                      ;        ;              ;         ; Row I/O    ;                 ; no       ; Off          ;
; 97       ; 135        ; 3        ; GND*                                      ;        ;              ;         ; Row I/O    ;                 ; no       ; Off          ;
; 98       ;            ;          ; GND                                       ; gnd    ;              ;         ; --         ;                 ; --       ; --           ;
; 99       ; 143        ; 3        ; GND*                                      ;        ;              ;         ; Row I/O    ;                 ; no       ; Off          ;
; 100      ; 149        ; 3        ; GND*                                      ;        ;              ;         ; Row I/O    ;                 ; no       ; Off          ;
; 101      ; 150        ; 3        ; GND*                                      ;        ;              ;         ; Row I/O    ;                 ; no       ; Off          ;
; 102      ;            ; 3        ; VCCIO3                                    ; power  ;              ; 3.3V    ; --         ;                 ; --       ; --           ;
; 103      ; 153        ; 3        ; GND*                                      ;        ;              ;         ; Row I/O    ;                 ; no       ; Off          ;
; 104      ; 154        ; 3        ; GND*                                      ;        ;              ;         ; Row I/O    ;                 ; no       ; Off          ;
; 105      ;            ;          ; GND                                       ; gnd    ;              ;         ; --         ;                 ; --       ; --           ;
; 106      ;            ;          ; GND_PLL2                                  ; gnd    ;              ;         ; --         ;                 ; --       ; --           ;
; 107      ;            ;          ; VCCD_PLL2                                 ; power  ;              ; 1.2V    ; --         ;                 ; --       ; --           ;
; 108      ;            ;          ; GND_PLL2                                  ; gnd    ;              ;         ; --         ;                 ; --       ; --           ;
; 109      ;            ;          ; VCCA_PLL2                                 ; power  ;              ; 1.2V    ; --         ;                 ; --       ; --           ;
; 110      ;            ;          ; GNDA_PLL2                                 ; gnd    ;              ;         ; --         ;                 ; --       ; --           ;
; 111      ;            ;          ; GND                                       ; gnd    ;              ;         ; --         ;                 ; --       ; --           ;
; 112      ; 155        ; 2        ; GND*                                      ;        ;              ;         ; Column I/O ;                 ; no       ; Off          ;
; 113      ; 156        ; 2        ; GND*                                      ;        ;              ;         ; Column I/O ;                 ; no       ; Off          ;
; 114      ; 157        ; 2        ; GND*                                      ;        ;              ;         ; Column I/O ;                 ; no       ; Off          ;
; 115      ; 158        ; 2        ; GND*                                      ;        ;              ;         ; Column I/O ;                 ; no       ; Off          ;
; 116      ;            ; 2        ; VCCIO2                                    ; power  ;              ; 3.3V    ; --         ;                 ; --       ; --           ;
; 117      ;            ;          ; GND                                       ; gnd    ;              ;         ; --         ;                 ; --       ; --           ;
; 118      ; 161        ; 2        ; GND*                                      ;        ;              ;         ; Column I/O ;                 ; no       ; Off          ;
; 119      ; 162        ; 2        ; GND*                                      ;        ;              ;         ; Column I/O ;                 ; no       ; Off          ;
; 120      ; 163        ; 2        ; GND*                                      ;        ;              ;         ; Column I/O ;                 ; no       ; Off          ;
; 121      ; 164        ; 2        ; GND*                                      ;        ;              ;         ; Column I/O ;                 ; no       ; Off          ;
; 122      ; 165        ; 2        ; pin_name15                                ; output ; LVTTL        ;         ; Column I/O ; Y               ; no       ; Off          ;
; 123      ;            ;          ; GND                                       ; gnd    ;              ;         ; --         ;                 ; --       ; --           ;
; 124      ;            ;          ; VCCINT                                    ; power  ;              ; 1.2V    ; --         ;                 ; --       ; --           ;
; 125      ; 173        ; 2        ; GND*                                      ;        ;              ;         ; Column I/O ;                 ; no       ; Off          ;
; 126      ; 174        ; 2        ; GND*                                      ;        ;              ;         ; Column I/O ;                 ; no       ; Off          ;
; 127      ;            ; 2        ; VCCIO2                                    ; power  ;              ; 3.3V    ; --         ;                 ; --       ; --           ;
; 128      ;            ;          ; GND                                       ; gnd    ;              ;         ; --         ;                 ; --       ; --           ;
; 129      ; 180        ; 2        ; GND*                                      ;        ;              ;         ; Column I/O ;                 ; no       ; Off          ;
; 130      ;            ;          ; GND                                       ; gnd    ;              ;         ; --         ;                 ; --       ; --           ;
; 131      ;            ;          ; VCCINT                                    ; power  ;              ; 1.2V    ; --         ;                 ; --       ; --           ;
; 132      ; 185        ; 2        ; GND*                                      ;        ;              ;         ; Column I/O ;                 ; no       ; Off          ;
; 133      ; 186        ; 2        ; GND*                                      ;        ;              ;         ; Column I/O ;                 ; no       ; Off          ;
; 134      ; 187        ; 2        ; GND*                                      ;        ;              ;         ; Column I/O ;                 ; no       ; Off          ;
; 135      ; 195        ; 2        ; GND*                                      ;        ;              ;         ; Column I/O ;                 ; no       ; Off          ;
; 136      ; 196        ; 2        ; GND*                                      ;        ;              ;         ; Column I/O ;                 ; no       ; Off          ;
; 137      ; 197        ; 2        ; GND*                                      ;        ;              ;         ; Column I/O ;                 ; no       ; Off          ;
; 138      ;            ; 2        ; VCCIO2                                    ; power  ;              ; 3.3V    ; --         ;                 ; --       ; --           ;
; 139      ; 198        ; 2        ; GND*                                      ;        ;              ;         ; Column I/O ;                 ; no       ; Off          ;
; 140      ;            ;          ; GND                                       ; gnd    ;              ;         ; --         ;                 ; --       ; --           ;
; 141      ; 199        ; 2        ; GND*                                      ;        ;              ;         ; Column I/O ;                 ; no       ; Off          ;
; 142      ; 200        ; 2        ; GND*                                      ;        ;              ;         ; Column I/O ;                 ; no       ; Off          ;
; 143      ; 201        ; 2        ; GND*                                      ;        ;              ;         ; Column I/O ;                 ; no       ; Off          ;
; 144      ; 202        ; 2        ; GND*                                      ;        ;              ;         ; Column I/O ;                 ; no       ; Off          ;
+----------+------------+----------+-------------------------------------------+--------+--------------+---------+------------+-----------------+----------+--------------+


+-------------------------------------------------------------------------------+
; Output Pin Default Load For Reported TCO                                      ;
+----------------------------------+-------+------------------------------------+
; I/O Standard                     ; Load  ; Termination Resistance             ;
+----------------------------------+-------+------------------------------------+
; LVTTL                            ; 0 pF  ; Not Available                      ;
; LVCMOS                           ; 0 pF  ; Not Available                      ;
; 2.5 V                            ; 0 pF  ; Not Available                      ;
; 1.8 V                            ; 0 pF  ; Not Available                      ;
; 1.5 V                            ; 0 pF  ; Not Available                      ;
; 3.3-V PCI                        ; 10 pF ; 25 Ohm (Parallel)                  ;
; 3.3-V PCI-X                      ; 10 pF ; 25 Ohm (Parallel)                  ;
; SSTL-2 Class I                   ; 0 pF  ; 50 Ohm (Parallel), 25 Ohm (Serial) ;
; SSTL-2 Class II                  ; 0 pF  ; 25 Ohm (Parallel), 25 Ohm (Serial) ;
; SSTL-18 Class I                  ; 0 pF  ; 50 Ohm (Parallel), 25 Ohm (Serial) ;
; SSTL-18 Class II                 ; 0 pF  ; 25 Ohm (Parallel), 25 Ohm (Serial) ;
; 1.5-V HSTL Class I               ; 0 pF  ; 50 Ohm (Parallel)                  ;
; 1.5-V HSTL Class II              ; 0 pF  ; 25 Ohm (Parallel)                  ;
; 1.8-V HSTL Class I               ; 0 pF  ; 50 Ohm (Parallel)                  ;
; 1.8-V HSTL Class II              ; 0 pF  ; 25 Ohm (Parallel)                  ;
; Differential SSTL-2              ; 0 pF  ; (See SSTL-2)                       ;
; Differential 2.5-V SSTL Class II ; 0 pF  ; (See SSTL-2 Class II)              ;
; Differential 1.8-V SSTL Class I  ; 0 pF  ; (See 1.8-V SSTL Class I)           ;
; Differential 1.8-V SSTL Class II ; 0 pF  ; (See 1.8-V SSTL Class II)          ;
; Differential 1.5-V HSTL Class I  ; 0 pF  ; (See 1.5-V HSTL Class I)           ;
; Differential 1.5-V HSTL Class II ; 0 pF  ; (See 1.5-V HSTL Class II)          ;
; Differential 1.8-V HSTL Class I  ; 0 pF  ; (See 1.8-V HSTL Class I)           ;
; Differential 1.8-V HSTL Class II ; 0 pF  ; (See 1.8-V HSTL Class II)          ;
; LVDS                             ; 0 pF  ; 100 Ohm (Differential)             ;
; mini-LVDS                        ; 0 pF  ; 100 Ohm (Differential)             ;
; RSDS                             ; 0 pF  ; 100 Ohm (Differential)             ;
; Simple RSDS                      ; 0 pF  ; Not Available                      ;
; Differential LVPECL              ; 0 pF  ; 100 Ohm (Differential)             ;
+----------------------------------+-------+------------------------------------+
Note: User assignments will override these defaults. The user specified values are listed in the Output Pins and Bidir Pins tables.


+--------------------------------------------------------------------------------------------------------------------------------------------------------------------------------------------------------------------------------------------------+
; Fitter Resource Utilization by Entity                                                                                                                                                                                                            ;
+----------------------------+-------------+-------------------+--------------+-------------+------+--------------+---------+-----------+------+--------------+--------------+-------------------+------------------+------------------------------+
; Compilation Hierarchy Node ; Logic Cells ; LC Combinationals ; LC Registers ; Memory Bits ; M4Ks ; DSP Elements ; DSP 9x9 ; DSP 18x18 ; Pins ; Virtual Pins ; LUT-Only LCs ; Register-Only LCs ; LUT/Register LCs ; Full Hierarchy Name          ;
+----------------------------+-------------+-------------------+--------------+-------------+------+--------------+---------+-----------+------+--------------+--------------+-------------------+------------------+------------------------------+
; |five                      ; 27 (3)      ; 27 (3)            ; 8 (0)        ; 0           ; 0    ; 0            ; 0       ; 0         ; 15   ; 0            ; 19 (3)       ; 0 (0)             ; 8 (0)            ; |five                        ;
;    |74163:inst2|           ; 5 (0)       ; 5 (0)             ; 4 (0)        ; 0           ; 0    ; 0            ; 0       ; 0         ; 0    ; 0            ; 1 (0)        ; 0 (0)             ; 4 (0)            ; |five|74163:inst2            ;
;       |f74163:sub|         ; 5 (5)       ; 5 (5)             ; 4 (4)        ; 0           ; 0    ; 0            ; 0       ; 0         ; 0    ; 0            ; 1 (1)        ; 0 (0)             ; 4 (4)            ; |five|74163:inst2|f74163:sub ;
;    |74163:inst|            ; 4 (0)       ; 4 (0)             ; 4 (0)        ; 0           ; 0    ; 0            ; 0       ; 0         ; 0    ; 0            ; 0 (0)        ; 0 (0)             ; 4 (0)            ; |five|74163:inst             ;
;       |f74163:sub|         ; 4 (4)       ; 4 (4)             ; 4 (4)        ; 0           ; 0    ; 0            ; 0       ; 0         ; 0    ; 0            ; 0 (0)        ; 0 (0)             ; 4 (4)            ; |five|74163:inst|f74163:sub  ;
;    |7449:inst23|           ; 8 (8)       ; 8 (8)             ; 0 (0)        ; 0           ; 0    ; 0            ; 0       ; 0         ; 0    ; 0            ; 8 (8)        ; 0 (0)             ; 0 (0)            ; |five|7449:inst23            ;
;    |7449:inst24|           ; 7 (7)       ; 7 (7)             ; 0 (0)        ; 0           ; 0    ; 0            ; 0       ; 0         ; 0    ; 0            ; 7 (7)        ; 0 (0)             ; 0 (0)            ; |five|7449:inst24            ;
+----------------------------+-------------+-------------------+--------------+-------------+------+--------------+---------+-----------+------+--------------+--------------+-------------------+------------------+------------------------------+
Note: For table entries with two numbers listed, the numbers in parentheses indicate the number of resources of the given type used by the specific entity alone. The numbers listed outside of parentheses indicate the total resources of the given type used by the specific entity and all of its sub-entities in the hierarchy.


+-------------------------------------------------------------------------------------+
; Delay Chain Summary                                                                 ;
+------------+----------+---------------+---------------+-----------------------+-----+
; Name       ; Pin Type ; Pad to Core 0 ; Pad to Core 1 ; Pad to Input Register ; TCO ;
+------------+----------+---------------+---------------+-----------------------+-----+
; clk        ; Input    ; 0             ; 0             ; --                    ; --  ;
; pin_name9  ; Output   ; --            ; --            ; --                    ; --  ;
; pin_name10 ; Output   ; --            ; --            ; --                    ; --  ;
; pin_name11 ; Output   ; --            ; --            ; --                    ; --  ;
; pin_name12 ; Output   ; --            ; --            ; --                    ; --  ;
; pin_name1  ; Output   ; --            ; --            ; --                    ; --  ;
; pin_name2  ; Output   ; --            ; --            ; --                    ; --  ;
; pin_name3  ; Output   ; --            ; --            ; --                    ; --  ;
; pin_name4  ; Output   ; --            ; --            ; --                    ; --  ;
; pin_name5  ; Output   ; --            ; --            ; --                    ; --  ;
; pin_name6  ; Output   ; --            ; --            ; --                    ; --  ;
; pin_name7  ; Output   ; --            ; --            ; --                    ; --  ;
; pin_name13 ; Output   ; --            ; --            ; --                    ; --  ;
; pin_name14 ; Output   ; --            ; --            ; --                    ; --  ;
; pin_name15 ; Output   ; --            ; --            ; --                    ; --  ;
+------------+----------+---------------+---------------+-----------------------+-----+


+-----------------------------------------------------------------+
; Pad To Core Delay Chain Fanout                                  ;
+-----------------------------------+-------------------+---------+
; Source Pin / Fanout               ; Pad To Core Index ; Setting ;
+-----------------------------------+-------------------+---------+
; clk                               ;                   ;         ;
;      - 74163:inst|f74163:sub|134  ; 0                 ; 0       ;
;      - 74163:inst|f74163:sub|122  ; 0                 ; 0       ;
;      - 74163:inst|f74163:sub|111  ; 0                 ; 0       ;
;      - 74163:inst|f74163:sub|34   ; 0                 ; 0       ;
;      - 74163:inst2|f74163:sub|134 ; 0                 ; 0       ;
;      - 74163:inst2|f74163:sub|122 ; 0                 ; 0       ;
;      - 74163:inst2|f74163:sub|111 ; 0                 ; 0       ;
;      - 74163:inst2|f74163:sub|34  ; 0                 ; 0       ;
+-----------------------------------+-------------------+---------+


+------------------------------------------------------------------------------------------------------------------+
; Control Signals                                                                                                  ;
+------+----------+---------+-------+--------+----------------------+------------------+---------------------------+
; Name ; Location ; Fan-Out ; Usage ; Global ; Global Resource Used ; Global Line Name ; Enable Signal Source Name ;
+------+----------+---------+-------+--------+----------------------+------------------+---------------------------+
; clk  ; PIN_79   ; 8       ; Clock ; no     ; --                   ; --               ; --                        ;
+------+----------+---------+-------+--------+----------------------+------------------+---------------------------+


+-----------------------------------------+
; Non-Global High Fan-Out Signals         ;
+-------------------------------+---------+
; Name                          ; Fan-Out ;
+-------------------------------+---------+
; 74163:inst|f74163:sub|34      ; 16      ;
; 74163:inst|f74163:sub|111     ; 11      ;
; 74163:inst2|f74163:sub|111    ; 11      ;
; 74163:inst|f74163:sub|134     ; 10      ;
; 74163:inst2|f74163:sub|34     ; 10      ;
; 74163:inst|f74163:sub|122     ; 9       ;
; 74163:inst2|f74163:sub|122    ; 9       ;
; clk                           ; 8       ;
; 74163:inst2|f74163:sub|134    ; 6       ;
; inst25                        ; 4       ;
; 74163:inst2|f74163:sub|130~11 ; 2       ;
; inst25~12                     ; 2       ;
; inst19~14                     ; 2       ;
; 74163:inst|f74163:sub|34~9    ; 1       ;
; 74163:inst2|f74163:sub|68     ; 1       ;
; 74163:inst|f74163:sub|126~24  ; 1       ;
; 74163:inst|f74163:sub|137~12  ; 1       ;
; 7449:inst23|50~24             ; 1       ;
; 74163:inst|f74163:sub|115~11  ; 1       ;
; 74163:inst2|f74163:sub|126    ; 1       ;
; 74163:inst2|f74163:sub|137    ; 1       ;
; 74163:inst2|f74163:sub|115    ; 1       ;
; 7449:inst24|33                ; 1       ;
; 7449:inst24|37~41             ; 1       ;
; 7449:inst24|32                ; 1       ;
; 7449:inst23|33                ; 1       ;
; 7449:inst23|37~23             ; 1       ;
; 7449:inst23|32                ; 1       ;
; 7449:inst23|36~54             ; 1       ;
; 7449:inst23|31                ; 1       ;
; 7449:inst23|35~42             ; 1       ;
; 7449:inst23|34~7              ; 1       ;
; 7449:inst24|36~54             ; 1       ;
; 7449:inst24|31                ; 1       ;
; 7449:inst24|35~42             ; 1       ;
; 7449:inst24|34~7              ; 1       ;
+-------------------------------+---------+


+----------------------------------------------------+
; Interconnect Usage Summary                         ;
+----------------------------+-----------------------+
; Interconnect Resource Type ; Usage                 ;
+----------------------------+-----------------------+
; Block interconnects        ; 30 / 26,052 ( < 1 % ) ;
; C16 interconnects          ; 1 / 1,156 ( < 1 % )   ;
; C4 interconnects           ; 14 / 17,952 ( < 1 % ) ;
; Direct links               ; 8 / 26,052 ( < 1 % )  ;
; Global clocks              ; 0 / 8 ( 0 % )         ;
; Local interconnects        ; 11 / 8,256 ( < 1 % )  ;
; R24 interconnects          ; 3 / 1,020 ( < 1 % )   ;
; R4 interconnects           ; 36 / 22,440 ( < 1 % ) ;
+----------------------------+-----------------------+


+--------------------------------------------------------------------------+
; LAB Logic Elements                                                       ;
+--------------------------------------------+-----------------------------+
; Number of Logic Elements  (Average = 9.00) ; Number of LABs  (Total = 3) ;
+--------------------------------------------+-----------------------------+
; 1                                          ; 0                           ;
; 2                                          ; 0                           ;
; 3                                          ; 0                           ;
; 4                                          ; 1                           ;
; 5                                          ; 0                           ;
; 6                                          ; 0                           ;
; 7                                          ; 1                           ;
; 8                                          ; 0                           ;
; 9                                          ; 0                           ;
; 10                                         ; 0                           ;
; 11                                         ; 0                           ;
; 12                                         ; 0                           ;
; 13                                         ; 0                           ;
; 14                                         ; 0                           ;
; 15                                         ; 0                           ;
; 16                                         ; 1                           ;
+--------------------------------------------+-----------------------------+


+------------------------------------------------------------------+
; LAB-wide Signals                                                 ;
+------------------------------------+-----------------------------+
; LAB-wide Signals  (Average = 0.33) ; Number of LABs  (Total = 3) ;
+------------------------------------+-----------------------------+
; 1 Clock                            ; 1                           ;
+------------------------------------+-----------------------------+


+----------------------------------------------------------------------------+
; LAB Signals Sourced                                                        ;
+----------------------------------------------+-----------------------------+
; Number of Signals Sourced  (Average = 11.67) ; Number of LABs  (Total = 3) ;
+----------------------------------------------+-----------------------------+
; 0                                            ; 0                           ;
; 1                                            ; 0                           ;
; 2                                            ; 0                           ;
; 3                                            ; 0                           ;
; 4                                            ; 1                           ;
; 5                                            ; 0                           ;
; 6                                            ; 0                           ;
; 7                                            ; 1                           ;
; 8                                            ; 0                           ;
; 9                                            ; 0                           ;
; 10                                           ; 0                           ;
; 11                                           ; 0                           ;
; 12                                           ; 0                           ;
; 13                                           ; 0                           ;
; 14                                           ; 0                           ;
; 15                                           ; 0                           ;
; 16                                           ; 0                           ;
; 17                                           ; 0                           ;
; 18                                           ; 0                           ;
; 19                                           ; 0                           ;
; 20                                           ; 0                           ;
; 21                                           ; 0                           ;
; 22                                           ; 0                           ;
; 23                                           ; 0                           ;
; 24                                           ; 1                           ;
+----------------------------------------------+-----------------------------+


+-------------------------------------------------------------------------------+
; LAB Signals Sourced Out                                                       ;
+-------------------------------------------------+-----------------------------+
; Number of Signals Sourced Out  (Average = 7.33) ; Number of LABs  (Total = 3) ;
+-------------------------------------------------+-----------------------------+
; 0                                               ; 0                           ;
; 1                                               ; 0                           ;
; 2                                               ; 0                           ;
; 3                                               ; 0                           ;
; 4                                               ; 1                           ;
; 5                                               ; 0                           ;
; 6                                               ; 0                           ;
; 7                                               ; 1                           ;
; 8                                               ; 0                           ;
; 9                                               ; 0                           ;
; 10                                              ; 0                           ;
; 11                                              ; 1                           ;
+-------------------------------------------------+-----------------------------+


+---------------------------------------------------------------------------+
; LAB Distinct Inputs                                                       ;
+---------------------------------------------+-----------------------------+
; Number of Distinct Inputs  (Average = 3.00) ; Number of LABs  (Total = 3) ;
+---------------------------------------------+-----------------------------+
; 0                                           ; 0                           ;
; 1                                           ; 1                           ;
; 2                                           ; 0                           ;
; 3                                           ; 0                           ;
; 4                                           ; 2                           ;
+---------------------------------------------+-----------------------------+


+-------------------------------------------------------------------------+
; Fitter Device Options                                                   ;
+----------------------------------------------+--------------------------+
; Option                                       ; Setting                  ;
+----------------------------------------------+--------------------------+
; Enable user-supplied start-up clock (CLKUSR) ; Off                      ;
; Enable device-wide reset (DEV_CLRn)          ; Off                      ;
; Enable device-wide output enable (DEV_OE)    ; Off                      ;
; Enable INIT_DONE output                      ; Off                      ;
; Configuration scheme                         ; Active Serial            ;
; Error detection CRC                          ; Off                      ;
; Reserve nCEO pin after configuration         ; As output driving ground ;
; Reserve all unused pins                      ; As output driving ground ;
; Base pin-out file on sameframe device        ; Off                      ;
+----------------------------------------------+--------------------------+


+----------------------------+
; Advanced Data - General    ;
+--------------------+-------+
; Name               ; Value ;
+--------------------+-------+
; Status Code        ; 0     ;
; Desired User Slack ; 0     ;
; Fit Attempts       ; 1     ;
+--------------------+-------+


+----------------------------------------------------------------------------+
; Advanced Data - Placement Preparation                                      ;
+------------------------------------------------------------------+---------+
; Name                                                             ; Value   ;
+------------------------------------------------------------------+---------+
; Auto Fit Point 1 - Fit Attempt 1                                 ; ff      ;
; Mid Wire Use - Fit Attempt 1                                     ; 0       ;
; Mid Slack - Fit Attempt 1                                        ; -5192   ;
; Internal Atom Count - Fit Attempt 1                              ; 36      ;
; LE/ALM Count - Fit Attempt 1                                     ; 28      ;
; LAB Count - Fit Attempt 1                                        ; 4       ;
; Outputs per Lab - Fit Attempt 1                                  ; 5.500   ;
; Inputs per LAB - Fit Attempt 1                                   ; 2.250   ;
; Global Inputs per LAB - Fit Attempt 1                            ; 0.000   ;
; LAB Constraint 'non-global clock + sync load' - Fit Attempt 1    ; 0:3;1:1 ;
; LAB Constraint 'non-global controls' - Fit Attempt 1             ; 0:3;1:1 ;
; LAB Constraint 'non-global + aclr' - Fit Attempt 1               ; 0:3;1:1 ;
; LAB Constraint 'global non-clock non-aclr' - Fit Attempt 1       ; 0:4     ;
; LAB Constraint 'global controls' - Fit Attempt 1                 ; 0:4     ;
; LAB Constraint 'deterministic LABSMUXA/LABXMUXB' - Fit Attempt 1 ; 0:3;1:1 ;
; LAB Constraint 'deterministic LABSMUXC/LABXMUXD' - Fit Attempt 1 ; 0:3;1:1 ;
; LAB Constraint 'clock / ce pair constraint' - Fit Attempt 1      ; 0:3;1:1 ;
; LAB Constraint 'aclr constraint' - Fit Attempt 1                 ; 0:3;1:1 ;
; LAB Constraint 'true sload_sclear pair' - Fit Attempt 1          ; 0:4     ;
; LAB Constraint 'constant sload_sclear pair' - Fit Attempt 1      ; 0:4     ;
; LAB Constraint 'has placement constraint' - Fit Attempt 1        ; 0:4     ;
; LEs in Chains - Fit Attempt 1                                    ; 0       ;
; LEs in Long Chains - Fit Attempt 1                               ; 0       ;
; LABs with Chains - Fit Attempt 1                                 ; 0       ;
; LABs with Multiple Chains - Fit Attempt 1                        ; 0       ;
; Time - Fit Attempt 1                                             ; 0       ;
+------------------------------------------------------------------+---------+


+------------------------------------------+
; Advanced Data - Placement                ;
+----------------------------------+-------+
; Name                             ; Value ;
+----------------------------------+-------+
; Auto Fit Point 2 - Fit Attempt 1 ; ff    ;
; Early Wire Use - Fit Attempt 1   ; 0     ;
; Early Slack - Fit Attempt 1      ; -2313 ;
; Auto Fit Point 3 - Fit Attempt 1 ; ff    ;
; Auto Fit Point 4 - Fit Attempt 1 ; ff    ;
; Mid Wire Use - Fit Attempt 1     ; 0     ;
; Mid Slack - Fit Attempt 1        ; -2313 ;
; Late Wire Use - Fit Attempt 1    ; 0     ;
; Late Slack - Fit Attempt 1       ; -2313 ;
; Auto Fit Point 5 - Fit Attempt 1 ; ff    ;
; Time - Fit Attempt 1             ; 0     ;
+----------------------------------+-------+


+---------------------------------------------+
; Advanced Data - Routing                     ;
+-------------------------------------+-------+
; Name                                ; Value ;
+-------------------------------------+-------+
; Early Slack - Fit Attempt 1         ; -879  ;
; Mid Slack - Fit Attempt 1           ; -1766 ;
; Late Slack - Fit Attempt 1          ; -1747 ;
; Late Slack - Fit Attempt 1          ; -1747 ;
; Late Wire Use - Fit Attempt 1       ; 0     ;
; Time - Fit Attempt 1                ; 0     ;
; Time in tsm_tan.dll - Fit Attempt 1 ; 0.016 ;
+-------------------------------------+-------+


+-----------------+
; Fitter Messages ;
+-----------------+
Info: *******************************************************************
Info: Running Quartus II Fitter
    Info: Version 6.0 Build 178 04/27/2006 SJ Full Version
    Info: Processing started: Sun Jan 01 03:14:11 2006
Info: Command: quartus_fit --read_settings_files=off --write_settings_files=off five -c five
Info: Selected device EP2C8T144C8 for design "five"
Info: Fitter is performing an Auto Fit compilation, which may decrease Fitter effort to reduce compilation time
Info: Timing requirements not specified -- quality metrics such as performance and power consumption may be sacrificed to reduce compilation time.
Info: Device migration not selected. If you intend to use device migration later, you may need to change the pin assignments as they may be incompatible with other devices
    Info: Device EP2C5T144C8 is compatible
    Info: Device EP2C5T144I8 is compatible
    Info: Device EP2C8T144I8 is compatible
Info: Starting register packing
Info: Finished register packing: elapsed time is 00:00:00
    Extra Info: No registers were packed into other blocks
Info: Fitter placement preparation operations beginning
Info: Fitter placement preparation operations ending: elapsed time is 00:00:00
Info: Fitter placement operations beginning
Info: Fitter placement was successful
Info: Fitter placement operations ending: elapsed time is 00:00:00
Info: Estimated most critical path is register to register delay of 1.800 ns
    Info: 1: + IC(0.000 ns) + CELL(0.000 ns) = 0.000 ns; Loc. = LAB_X12_Y1; Fanout = 11; REG Node = '74163:inst|f74163:sub|111'
    Info: 2: + IC(0.257 ns) + CELL(0.624 ns) = 0.881 ns; Loc. = LAB_X12_Y1; Fanout = 2; COMB Node = 'inst25~12'
    Info: 3: + IC(0.441 ns) + CELL(0.370 ns) = 1.692 ns; Loc. = LAB_X12_Y1; Fanout = 1; COMB Node = '74163:inst2|f74163:sub|115'
    Info: 4: + IC(0.000 ns) + CELL(0.108 ns) = 1.800 ns; Loc. = LAB_X12_Y1; Fanout = 11; REG Node = '74163:inst2|f74163:sub|111'
    Info: Total cell delay = 1.102 ns ( 61.22 % )
    Info: Total interconnect delay = 0.698 ns ( 38.78 % )
Info: Fitter routing operations beginning
Info: Fitter routing operations ending: elapsed time is 00:00:00
Info: The Fitter performed an Auto Fit compilation.  Optimizations were skipped to reduce compilation time.
    Info: Optimizations that may affect the design's routability were skipped
    Info: Optimizations that may affect the design's timing were skipped
Info: Started post-fitting delay annotation
Warning: Found 14 output pins without output pin load capacitance assignment
    Info: Pin "pin_name9" has no specified output pin load capacitance -- assuming default load capacitance of 0 pF for timing analysis
    Info: Pin "pin_name10" has no specified output pin load capacitance -- assuming default load capacitance of 0 pF for timing analysis
    Info: Pin "pin_name11" has no specified output pin load capacitance -- assuming default load capacitance of 0 pF for timing analysis
    Info: Pin "pin_name12" has no specified output pin load capacitance -- assuming default load capacitance of 0 pF for timing analysis
    Info: Pin "pin_name1" has no specified output pin load capacitance -- assuming default load capacitance of 0 pF for timing analysis
    Info: Pin "pin_name2" has no specified output pin load capacitance -- assuming default load capacitance of 0 pF for timing analysis
    Info: Pin "pin_name3" has no specified output pin load capacitance -- assuming default load capacitance of 0 pF for timing analysis
    Info: Pin "pin_name4" has no specified output pin load capacitance -- assuming default load capacitance of 0 pF for timing analysis
    Info: Pin "pin_name5" has no specified output pin load capacitance -- assuming default load capacitance of 0 pF for timing analysis
    Info: Pin "pin_name6" has no specified output pin load capacitance -- assuming default load capacitance of 0 pF for timing analysis
    Info: Pin "pin_name7" has no specified output pin load capacitance -- assuming default load capacitance of 0 pF for timing analysis
    Info: Pin "pin_name13" has no specified output pin load capacitance -- assuming default load capacitance of 0 pF for timing analysis
    Info: Pin "pin_name14" has no specified output pin load capacitance -- assuming default load capacitance of 0 pF for timing analysis
    Info: Pin "pin_name15" has no specified output pin load capacitance -- assuming default load capacitance of 0 pF for timing analysis
Info: Delay annotation completed successfully
Info: Quartus II Fitter was successful. 0 errors, 1 warning
    Info: Processing ended: Sun Jan 01 03:14:14 2006
    Info: Elapsed time: 00:00:03


+----------------------------+
; Fitter Suppressed Messages ;
+----------------------------+
The suppressed messages can be found in C:/Documents and Settings/Administrator/×ÀÃæ/five/five.fit.smsg.


