Fitter report for Vhdl1
Sun Jan 01 00:08:07 2006
Version 6.0 Build 178 04/27/2006 SJ Full Version


---------------------
; Table of Contents ;
---------------------
  1. Legal Notice
  2. Fitter Summary
  3. Fitter Settings
  4. Pin-Out File
  5. Fitter Resource Usage Summary
  6. Input Pins
  7. Output Pins
  8. I/O Bank Usage
  9. All Package Pins
 10. Clock Delay Control Summary
 11. Output Pin Default Load For Reported TCO
 12. Fitter Resource Utilization by Entity
 13. Delay Chain Summary
 14. Pad To Core Delay Chain Fanout
 15. Control Signals
 16. Global & Other Fast Signals
 17. Non-Global High Fan-Out Signals
 18. Interconnect Usage Summary
 19. LAB Logic Elements
 20. LAB-wide Signals
 21. LAB Signals Sourced
 22. LAB Signals Sourced Out
 23. LAB Distinct Inputs
 24. Fitter Device Options
 25. Advanced Data - General
 26. Advanced Data - Placement Preparation
 27. Advanced Data - Placement
 28. Advanced Data - Routing
 29. Fitter Messages
 30. Fitter Suppressed Messages



----------------
; Legal Notice ;
----------------
Copyright (C) 1991-2006 Altera Corporation
Your use of Altera Corporation's design tools, logic functions 
and other software and tools, and its AMPP partner logic 
functions, and any output files any of the foregoing 
(including device programming or simulation files), and any 
associated documentation or information are expressly subject 
to the terms and conditions of the Altera Program License 
Subscription Agreement, Altera MegaCore Function License 
Agreement, or other applicable license agreement, including, 
without limitation, that your use is for the sole purpose of 
programming logic devices manufactured by Altera and sold by 
Altera or its authorized distributors.  Please refer to the 
applicable agreement for further details.



+-------------------------------------------------------------------------------+
; Fitter Summary                                                                ;
+------------------------------------+------------------------------------------+
; Fitter Status                      ; Successful - Sun Jan 01 00:08:07 2006    ;
; Quartus II Version                 ; 6.0 Build 178 04/27/2006 SJ Full Version ;
; Revision Name                      ; Vhdl1                                    ;
; Top-level Entity Name              ; Vhdl1                                    ;
; Family                             ; Cyclone II                               ;
; Device                             ; EP2C8T144C8                              ;
; Timing Models                      ; Final                                    ;
; Total logic elements               ; 211 / 8,256 ( 3 % )                      ;
; Total registers                    ; 12                                       ;
; Total pins                         ; 20 / 85 ( 24 % )                         ;
; Total virtual pins                 ; 0                                        ;
; Total memory bits                  ; 0 / 165,888 ( 0 % )                      ;
; Embedded Multiplier 9-bit elements ; 0 / 36 ( 0 % )                           ;
; Total PLLs                         ; 0 / 2 ( 0 % )                            ;
+------------------------------------+------------------------------------------+


+------------------------------------------------------------------------------------------------------------------+
; Fitter Settings                                                                                                  ;
+------------------------------------------------+--------------------------------+--------------------------------+
; Option                                         ; Setting                        ; Default Value                  ;
+------------------------------------------------+--------------------------------+--------------------------------+
; Device                                         ; EP2C8T144C8                    ;                                ;
; Use smart compilation                          ; Off                            ; Off                            ;
; Router Timing Optimization Level               ; Normal                         ; Normal                         ;
; Placement Effort Multiplier                    ; 1.0                            ; 1.0                            ;
; Router Effort Multiplier                       ; 1.0                            ; 1.0                            ;
; Optimize Hold Timing                           ; IO Paths and Minimum TPD Paths ; IO Paths and Minimum TPD Paths ;
; Optimize Fast-Corner Timing                    ; Off                            ; Off                            ;
; PowerPlay Power Optimization                   ; Normal compilation             ; Normal compilation             ;
; Optimize Timing                                ; Normal compilation             ; Normal compilation             ;
; Optimize IOC Register Placement for Timing     ; On                             ; On                             ;
; Limit to One Fitting Attempt                   ; Off                            ; Off                            ;
; Final Placement Optimizations                  ; Automatically                  ; Automatically                  ;
; Fitter Aggressive Routability Optimizations    ; Automatically                  ; Automatically                  ;
; Fitter Initial Placement Seed                  ; 1                              ; 1                              ;
; PCI I/O                                        ; Off                            ; Off                            ;
; Weak Pull-Up Resistor                          ; Off                            ; Off                            ;
; Enable Bus-Hold Circuitry                      ; Off                            ; Off                            ;
; Auto Global Memory Control Signals             ; Off                            ; Off                            ;
; Auto Packed Registers -- Stratix II/Cyclone II ; Auto                           ; Auto                           ;
; Auto Delay Chains                              ; On                             ; On                             ;
; Auto Merge PLLs                                ; On                             ; On                             ;
; Ignore PLL Mode When Merging PLLs              ; Off                            ; Off                            ;
; Fitter Effort                                  ; Auto Fit                       ; Auto Fit                       ;
; Physical Synthesis Effort Level                ; Normal                         ; Normal                         ;
; Auto Global Clock                              ; On                             ; On                             ;
; Auto Global Register Control Signals           ; On                             ; On                             ;
; Always Enable Input Buffers                    ; Off                            ; Off                            ;
+------------------------------------------------+--------------------------------+--------------------------------+


+--------------+
; Pin-Out File ;
+--------------+
The pin-out file can be found in C:/Documents and Settings/Administrator/×ÀÃæ/µçÌÝ/Vhdl1.pin.


+--------------------------------------------------------------------+
; Fitter Resource Usage Summary                                      ;
+---------------------------------------------+----------------------+
; Resource                                    ; Usage                ;
+---------------------------------------------+----------------------+
; Total logic elements                        ; 211 / 8,256 ( 3 % )  ;
;     -- Combinational with no register       ; 199                  ;
;     -- Register only                        ; 0                    ;
;     -- Combinational with a register        ; 12                   ;
;                                             ;                      ;
; Logic element usage by number of LUT inputs ;                      ;
;     -- 4 input functions                    ; 156                  ;
;     -- 3 input functions                    ; 30                   ;
;     -- <=2 input functions                  ; 25                   ;
;     -- Register only                        ; 0                    ;
;                                             ;                      ;
; Logic elements by mode                      ;                      ;
;     -- normal mode                          ; 211                  ;
;     -- arithmetic mode                      ; 0                    ;
;                                             ;                      ;
; Total registers                             ; 12 / 8,256 ( < 1 % ) ;
; Total LABs                                  ; 16 / 516 ( 3 % )     ;
; User inserted logic elements                ; 0                    ;
; Virtual pins                                ; 0                    ;
; I/O pins                                    ; 20 / 85 ( 24 % )     ;
;     -- Clock pins                           ; 1 / 4 ( 25 % )       ;
; Global signals                              ; 2                    ;
; M4Ks                                        ; 0 / 36 ( 0 % )       ;
; Total memory bits                           ; 0 / 165,888 ( 0 % )  ;
; Total RAM block bits                        ; 0 / 165,888 ( 0 % )  ;
; Embedded Multiplier 9-bit elements          ; 0 / 36 ( 0 % )       ;
; PLLs                                        ; 0 / 2 ( 0 % )        ;
; Global clocks                               ; 2 / 8 ( 25 % )       ;
; Maximum fan-out node                        ; RUN_STOP             ;
; Maximum fan-out                             ; 34                   ;
; Highest non-global fan-out signal           ; RUN_STOP             ;
; Highest non-global fan-out                  ; 34                   ;
; Total fan-out                               ; 804                  ;
; Average fan-out                             ; 3.24                 ;
+---------------------------------------------+----------------------+


+----------------------------------------------------------------------------------------------------------------------------------------------------------------------------------------------------------------------------------------------------------------+
; Input Pins                                                                                                                                                                                                                                                     ;
+----------+-------+----------+--------------+--------------+-------------+-----------------------+--------------------+--------+----------------+---------------+-----------------+----------+--------------+--------------+-------------+----------------------+
; Name     ; Pin # ; I/O Bank ; X coordinate ; Y coordinate ; Cell number ; Combinational Fan-Out ; Registered Fan-Out ; Global ; Input Register ; Power Up High ; PCI I/O Enabled ; Bus Hold ; Weak Pull Up ; I/O Standard ; Termination ; Location assigned by ;
+----------+-------+----------+--------------+--------------+-------------+-----------------------+--------------------+--------+----------------+---------------+-----------------+----------+--------------+--------------+-------------+----------------------+
; CLKIN    ; 93    ; 3        ; 34           ; 11           ; 2           ; 1                     ; 0                  ; no     ; no             ; no            ; no              ; no       ; Off          ; LVTTL        ; Off         ; User                 ;
; CLOSE    ; 18    ; 1        ; 0            ; 9            ; 1           ; 2                     ; 0                  ; no     ; no             ; no            ; no              ; no       ; Off          ; LVTTL        ; Off         ; User                 ;
; DELAY    ; 76    ; 3        ; 34           ; 2            ; 0           ; 2                     ; 0                  ; no     ; no             ; no            ; no              ; no       ; Off          ; LVTTL        ; Off         ; User                 ;
; DOWNIN   ; 75    ; 3        ; 34           ; 2            ; 1           ; 4                     ; 0                  ; no     ; no             ; no            ; no              ; no       ; Off          ; LVTTL        ; Off         ; User                 ;
; RUN_STOP ; 79    ; 3        ; 34           ; 5            ; 0           ; 34                    ; 0                  ; no     ; no             ; no            ; no              ; no       ; Off          ; LVTTL        ; Off         ; User                 ;
; ST_CH    ; 87    ; 3        ; 34           ; 9            ; 0           ; 8                     ; 0                  ; no     ; no             ; no            ; no              ; no       ; Off          ; LVTTL        ; Off         ; User                 ;
; UPIN     ; 92    ; 3        ; 34           ; 11           ; 3           ; 4                     ; 0                  ; no     ; no             ; no            ; no              ; no       ; Off          ; LVTTL        ; Off         ; User                 ;
+----------+-------+----------+--------------+--------------+-------------+-----------------------+--------------------+--------+----------------+---------------+-----------------+----------+--------------+--------------+-------------+----------------------+


+----------------------------------------------------------------------------------------------------------------------------------------------------------------------------------------------------------------------------------------------------------------------------------------------+
; Output Pins                                                                                                                                                                                                                                                                                  ;
+-------------+-------+----------+--------------+--------------+-------------+-----------------+------------------------+---------------+-----------------+------------+---------------+----------+--------------+--------------+------------------+-------------+----------------------+------+
; Name        ; Pin # ; I/O Bank ; X coordinate ; Y coordinate ; Cell number ; Output Register ; Output Enable Register ; Power Up High ; PCI I/O Enabled ; Open Drain ; TRI Primitive ; Bus Hold ; Weak Pull Up ; I/O Standard ; Current Strength ; Termination ; Location assigned by ; Load ;
+-------------+-------+----------+--------------+--------------+-------------+-----------------+------------------------+---------------+-----------------+------------+---------------+----------+--------------+--------------+------------------+-------------+----------------------+------+
; DIRECT[0]   ; 143   ; 2        ; 1            ; 19           ; 2           ; no              ; no                     ; no            ; no              ; no         ; no            ; no       ; Off          ; LVTTL        ; 24mA             ; Off         ; User                 ; 0 pF ;
; DIRECT[1]   ; 142   ; 2        ; 1            ; 19           ; 1           ; no              ; no                     ; no            ; no              ; no         ; no            ; no       ; Off          ; LVTTL        ; 24mA             ; Off         ; User                 ; 0 pF ;
; DIRECT[2]   ; 141   ; 2        ; 1            ; 19           ; 0           ; no              ; no                     ; no            ; no              ; no         ; no            ; no       ; Off          ; LVTTL        ; 24mA             ; Off         ; User                 ; 0 pF ;
; DIRECT[3]   ; 139   ; 2        ; 3            ; 19           ; 3           ; no              ; no                     ; no            ; no              ; no         ; no            ; no       ; Off          ; LVTTL        ; 24mA             ; Off         ; User                 ; 0 pF ;
; LAMP        ; 25    ; 1        ; 0            ; 8            ; 1           ; no              ; no                     ; no            ; no              ; no         ; no            ; no       ; Off          ; LVTTL        ; 24mA             ; Off         ; User                 ; 0 pF ;
; RUN_WAIT[0] ; 43    ; 4        ; 1            ; 0            ; 0           ; no              ; no                     ; no            ; no              ; no         ; no            ; no       ; Off          ; LVTTL        ; 24mA             ; Off         ; User                 ; 0 pF ;
; RUN_WAIT[1] ; 44    ; 4        ; 3            ; 0            ; 2           ; no              ; no                     ; no            ; no              ; no         ; no            ; no       ; Off          ; LVTTL        ; 24mA             ; Off         ; User                 ; 0 pF ;
; RUN_WAIT[2] ; 41    ; 4        ; 1            ; 0            ; 2           ; no              ; no                     ; no            ; no              ; no         ; no            ; no       ; Off          ; LVTTL        ; 24mA             ; Off         ; User                 ; 0 pF ;
; RUN_WAIT[3] ; 42    ; 4        ; 1            ; 0            ; 1           ; no              ; no                     ; no            ; no              ; no         ; no            ; no       ; Off          ; LVTTL        ; 24mA             ; Off         ; User                 ; 0 pF ;
; ST_OUT[0]   ; 121   ; 2        ; 28           ; 19           ; 3           ; no              ; no                     ; no            ; no              ; no         ; no            ; no       ; Off          ; LVTTL        ; 24mA             ; Off         ; User                 ; 0 pF ;
; ST_OUT[1]   ; 122   ; 2        ; 25           ; 19           ; 0           ; no              ; no                     ; no            ; no              ; no         ; no            ; no       ; Off          ; LVTTL        ; 24mA             ; Off         ; User                 ; 0 pF ;
; ST_OUT[2]   ; 52    ; 4        ; 12           ; 0            ; 1           ; no              ; no                     ; no            ; no              ; no         ; no            ; no       ; Off          ; LVTTL        ; 24mA             ; Off         ; User                 ; 0 pF ;
; ST_OUT[3]   ; 53    ; 4        ; 14           ; 0            ; 0           ; no              ; no                     ; no            ; no              ; no         ; no            ; no       ; Off          ; LVTTL        ; 24mA             ; Off         ; User                 ; 0 pF ;
+-------------+-------+----------+--------------+--------------+-------------+-----------------+------------------------+---------------+-----------------+------------+---------------+----------+--------------+--------------+------------------+-------------+----------------------+------+


+-----------------------------------------------------------+
; I/O Bank Usage                                            ;
+----------+-----------------+---------------+--------------+
; I/O Bank ; Usage           ; VCCIO Voltage ; VREF Voltage ;
+----------+-----------------+---------------+--------------+
; 1        ; 4 / 17 ( 24 % ) ; 3.3V          ; --           ;
; 2        ; 6 / 23 ( 26 % ) ; 3.3V          ; --           ;
; 3        ; 6 / 21 ( 29 % ) ; 3.3V          ; --           ;
; 4        ; 6 / 24 ( 25 % ) ; 3.3V          ; --           ;
+----------+-----------------+---------------+--------------+


+-------------------------------------------------------------------------------------------------------------------------------------------------------------------------+
; All Package Pins                                                                                                                                                        ;
+----------+------------+----------+-------------------------------------------+--------+--------------+---------+------------+-----------------+----------+--------------+
; Location ; Pad Number ; I/O Bank ; Pin Name/Usage                            ; Dir.   ; I/O Standard ; Voltage ; I/O Type   ; User Assignment ; Bus Hold ; Weak Pull Up ;
+----------+------------+----------+-------------------------------------------+--------+--------------+---------+------------+-----------------+----------+--------------+
; 1        ; 0          ; 1        ; +~ASDO~ / RESERVED_INPUT_WITH_WEAK_PULLUP ; input  ; LVTTL        ;         ; Row I/O    ; N               ; no       ; Off          ;
; 2        ; 1          ; 1        ; +~nCSO~ / RESERVED_INPUT_WITH_WEAK_PULLUP ; input  ; LVTTL        ;         ; Row I/O    ; N               ; no       ; Off          ;
; 3        ; 2          ; 1        ; GND*                                      ;        ;              ;         ; Row I/O    ;                 ; no       ; Off          ;
; 4        ; 3          ; 1        ; GND*                                      ;        ;              ;         ; Row I/O    ;                 ; no       ; Off          ;
; 5        ;            ; 1        ; VCCIO1                                    ; power  ;              ; 3.3V    ; --         ;                 ; --       ; --           ;
; 6        ;            ;          ; GND                                       ; gnd    ;              ;         ; --         ;                 ; --       ; --           ;
; 7        ; 10         ; 1        ; GND*                                      ;        ;              ;         ; Row I/O    ;                 ; no       ; Off          ;
; 8        ; 18         ; 1        ; GND*                                      ;        ;              ;         ; Row I/O    ;                 ; no       ; Off          ;
; 9        ; 19         ; 1        ; GND*                                      ;        ;              ;         ; Row I/O    ;                 ; no       ; Off          ;
; 10       ; 20         ; 1        ; #TDO                                      ; output ;              ;         ; --         ;                 ; --       ; --           ;
; 11       ; 21         ; 1        ; #TMS                                      ; input  ;              ;         ; --         ;                 ; --       ; --           ;
; 12       ; 22         ; 1        ; #TCK                                      ; input  ;              ;         ; --         ;                 ; --       ; --           ;
; 13       ; 23         ; 1        ; #TDI                                      ; input  ;              ;         ; --         ;                 ; --       ; --           ;
; 14       ; 24         ; 1        ; ^DATA0                                    ; input  ;              ;         ; --         ;                 ; --       ; --           ;
; 15       ; 25         ; 1        ; ^DCLK                                     ;        ;              ;         ; --         ;                 ; --       ; --           ;
; 16       ; 26         ; 1        ; ^nCE                                      ;        ;              ;         ; --         ;                 ; --       ; --           ;
; 17       ; 27         ; 1        ; GND+                                      ;        ;              ;         ; Row I/O    ;                 ; --       ; --           ;
; 18       ; 28         ; 1        ; CLOSE                                     ; input  ; LVTTL        ;         ; Row I/O    ; Y               ; no       ; Off          ;
; 19       ;            ;          ; GND                                       ; gnd    ;              ;         ; --         ;                 ; --       ; --           ;
; 20       ; 29         ; 1        ; ^nCONFIG                                  ;        ;              ;         ; --         ;                 ; --       ; --           ;
; 21       ; 30         ; 1        ; GND+                                      ;        ;              ;         ; Row I/O    ;                 ; --       ; --           ;
; 22       ; 31         ; 1        ; GND+                                      ;        ;              ;         ; Row I/O    ;                 ; --       ; --           ;
; 23       ;            ; 1        ; VCCIO1                                    ; power  ;              ; 3.3V    ; --         ;                 ; --       ; --           ;
; 24       ; 32         ; 1        ; GND*                                      ;        ;              ;         ; Row I/O    ;                 ; no       ; Off          ;
; 25       ; 33         ; 1        ; LAMP                                      ; output ; LVTTL        ;         ; Row I/O    ; Y               ; no       ; Off          ;
; 26       ;            ;          ; VCCINT                                    ; power  ;              ; 1.2V    ; --         ;                 ; --       ; --           ;
; 27       ;            ;          ; GND                                       ; gnd    ;              ;         ; --         ;                 ; --       ; --           ;
; 28       ; 39         ; 1        ; GND*                                      ;        ;              ;         ; Row I/O    ;                 ; no       ; Off          ;
; 29       ;            ; 1        ; VCCIO1                                    ; power  ;              ; 3.3V    ; --         ;                 ; --       ; --           ;
; 30       ; 51         ; 1        ; GND*                                      ;        ;              ;         ; Row I/O    ;                 ; no       ; Off          ;
; 31       ; 52         ; 1        ; GND*                                      ;        ;              ;         ; Row I/O    ;                 ; no       ; Off          ;
; 32       ; 53         ; 1        ; GND*                                      ;        ;              ;         ; Row I/O    ;                 ; no       ; Off          ;
; 33       ;            ;          ; GND                                       ; gnd    ;              ;         ; --         ;                 ; --       ; --           ;
; 34       ;            ;          ; GND_PLL1                                  ; gnd    ;              ;         ; --         ;                 ; --       ; --           ;
; 35       ;            ;          ; VCCD_PLL1                                 ; power  ;              ; 1.2V    ; --         ;                 ; --       ; --           ;
; 36       ;            ;          ; GND_PLL1                                  ; gnd    ;              ;         ; --         ;                 ; --       ; --           ;
; 37       ;            ;          ; VCCA_PLL1                                 ; power  ;              ; 1.2V    ; --         ;                 ; --       ; --           ;
; 38       ;            ;          ; GNDA_PLL1                                 ; gnd    ;              ;         ; --         ;                 ; --       ; --           ;
; 39       ;            ;          ; GND                                       ; gnd    ;              ;         ; --         ;                 ; --       ; --           ;
; 40       ; 54         ; 4        ; GND*                                      ;        ;              ;         ; Column I/O ;                 ; no       ; Off          ;
; 41       ; 55         ; 4        ; RUN_WAIT[2]                               ; output ; LVTTL        ;         ; Column I/O ; Y               ; no       ; Off          ;
; 42       ; 56         ; 4        ; RUN_WAIT[3]                               ; output ; LVTTL        ;         ; Column I/O ; Y               ; no       ; Off          ;
; 43       ; 57         ; 4        ; RUN_WAIT[0]                               ; output ; LVTTL        ;         ; Column I/O ; Y               ; no       ; Off          ;
; 44       ; 58         ; 4        ; RUN_WAIT[1]                               ; output ; LVTTL        ;         ; Column I/O ; Y               ; no       ; Off          ;
; 45       ; 59         ; 4        ; GND*                                      ;        ;              ;         ; Column I/O ;                 ; no       ; Off          ;
; 46       ;            ; 4        ; VCCIO4                                    ; power  ;              ; 3.3V    ; --         ;                 ; --       ; --           ;
; 47       ; 60         ; 4        ; GND*                                      ;        ;              ;         ; Column I/O ;                 ; no       ; Off          ;
; 48       ; 61         ; 4        ; GND*                                      ;        ;              ;         ; Column I/O ;                 ; no       ; Off          ;
; 49       ;            ;          ; GND                                       ; gnd    ;              ;         ; --         ;                 ; --       ; --           ;
; 50       ;            ;          ; VCCINT                                    ; power  ;              ; 1.2V    ; --         ;                 ; --       ; --           ;
; 51       ; 69         ; 4        ; GND*                                      ;        ;              ;         ; Column I/O ;                 ; no       ; Off          ;
; 52       ; 70         ; 4        ; ST_OUT[2]                                 ; output ; LVTTL        ;         ; Column I/O ; Y               ; no       ; Off          ;
; 53       ; 74         ; 4        ; ST_OUT[3]                                 ; output ; LVTTL        ;         ; Column I/O ; Y               ; no       ; Off          ;
; 54       ;            ; 4        ; VCCIO4                                    ; power  ;              ; 3.3V    ; --         ;                 ; --       ; --           ;
; 55       ; 75         ; 4        ; GND*                                      ;        ;              ;         ; Column I/O ;                 ; no       ; Off          ;
; 56       ;            ;          ; GND                                       ; gnd    ;              ;         ; --         ;                 ; --       ; --           ;
; 57       ; 76         ; 4        ; GND*                                      ;        ;              ;         ; Column I/O ;                 ; no       ; Off          ;
; 58       ; 77         ; 4        ; GND*                                      ;        ;              ;         ; Column I/O ;                 ; no       ; Off          ;
; 59       ; 78         ; 4        ; GND*                                      ;        ;              ;         ; Column I/O ;                 ; no       ; Off          ;
; 60       ; 79         ; 4        ; GND*                                      ;        ;              ;         ; Column I/O ;                 ; no       ; Off          ;
; 61       ;            ;          ; GND                                       ; gnd    ;              ;         ; --         ;                 ; --       ; --           ;
; 62       ;            ;          ; VCCINT                                    ; power  ;              ; 1.2V    ; --         ;                 ; --       ; --           ;
; 63       ; 89         ; 4        ; GND*                                      ;        ;              ;         ; Column I/O ;                 ; no       ; Off          ;
; 64       ; 92         ; 4        ; GND*                                      ;        ;              ;         ; Column I/O ;                 ; no       ; Off          ;
; 65       ; 93         ; 4        ; GND*                                      ;        ;              ;         ; Column I/O ;                 ; no       ; Off          ;
; 66       ;            ; 4        ; VCCIO4                                    ; power  ;              ; 3.3V    ; --         ;                 ; --       ; --           ;
; 67       ; 96         ; 4        ; GND*                                      ;        ;              ;         ; Column I/O ;                 ; no       ; Off          ;
; 68       ;            ;          ; GND                                       ; gnd    ;              ;         ; --         ;                 ; --       ; --           ;
; 69       ; 97         ; 4        ; GND*                                      ;        ;              ;         ; Column I/O ;                 ; no       ; Off          ;
; 70       ; 98         ; 4        ; GND*                                      ;        ;              ;         ; Column I/O ;                 ; no       ; Off          ;
; 71       ; 99         ; 4        ; GND*                                      ;        ;              ;         ; Column I/O ;                 ; no       ; Off          ;
; 72       ; 100        ; 4        ; GND*                                      ;        ;              ;         ; Column I/O ;                 ; no       ; Off          ;
; 73       ; 101        ; 3        ; GND*                                      ;        ;              ;         ; Row I/O    ;                 ; no       ; Off          ;
; 74       ; 102        ; 3        ; GND*                                      ;        ;              ;         ; Row I/O    ;                 ; no       ; Off          ;
; 75       ; 105        ; 3        ; DOWNIN                                    ; input  ; LVTTL        ;         ; Row I/O    ; Y               ; no       ; Off          ;
; 76       ; 106        ; 3        ; DELAY                                     ; input  ; LVTTL        ;         ; Row I/O    ; Y               ; no       ; Off          ;
; 77       ;            ; 3        ; VCCIO3                                    ; power  ;              ; 3.3V    ; --         ;                 ; --       ; --           ;
; 78       ;            ;          ; GND                                       ; gnd    ;              ;         ; --         ;                 ; --       ; --           ;
; 79       ; 114        ; 3        ; RUN_STOP                                  ; input  ; LVTTL        ;         ; Row I/O    ; Y               ; no       ; Off          ;
; 80       ;            ;          ; GND                                       ; gnd    ;              ;         ; --         ;                 ; --       ; --           ;
; 81       ;            ;          ; VCCINT                                    ; power  ;              ; 1.2V    ; --         ;                 ; --       ; --           ;
; 82       ; 121        ; 3        ; ^nSTATUS                                  ;        ;              ;         ; --         ;                 ; --       ; --           ;
; 83       ; 122        ; 3        ; ^CONF_DONE                                ;        ;              ;         ; --         ;                 ; --       ; --           ;
; 84       ; 123        ; 3        ; ^MSEL1                                    ;        ;              ;         ; --         ;                 ; --       ; --           ;
; 85       ; 124        ; 3        ; ^MSEL0                                    ;        ;              ;         ; --         ;                 ; --       ; --           ;
; 86       ; 125        ; 3        ; GND*                                      ;        ;              ;         ; Row I/O    ;                 ; no       ; Off          ;
; 87       ; 126        ; 3        ; ST_CH                                     ; input  ; LVTTL        ;         ; Row I/O    ; Y               ; no       ; Off          ;
; 88       ; 127        ; 3        ; GND+                                      ;        ;              ;         ; Row I/O    ;                 ; --       ; --           ;
; 89       ; 128        ; 3        ; GND+                                      ;        ;              ;         ; Row I/O    ;                 ; --       ; --           ;
; 90       ; 129        ; 3        ; GND+                                      ;        ;              ;         ; Row I/O    ;                 ; --       ; --           ;
; 91       ; 130        ; 3        ; GND+                                      ;        ;              ;         ; Row I/O    ;                 ; --       ; --           ;
; 92       ; 131        ; 3        ; UPIN                                      ; input  ; LVTTL        ;         ; Row I/O    ; Y               ; no       ; Off          ;
; 93       ; 132        ; 3        ; CLKIN                                     ; input  ; LVTTL        ;         ; Row I/O    ; Y               ; no       ; Off          ;
; 94       ; 133        ; 3        ; GND*                                      ;        ;              ;         ; Row I/O    ;                 ; no       ; Off          ;
; 95       ;            ; 3        ; VCCIO3                                    ; power  ;              ; 3.3V    ; --         ;                 ; --       ; --           ;
; 96       ; 134        ; 3        ; GND*                                      ;        ;              ;         ; Row I/O    ;                 ; no       ; Off          ;
; 97       ; 135        ; 3        ; GND*                                      ;        ;              ;         ; Row I/O    ;                 ; no       ; Off          ;
; 98       ;            ;          ; GND                                       ; gnd    ;              ;         ; --         ;                 ; --       ; --           ;
; 99       ; 143        ; 3        ; GND*                                      ;        ;              ;         ; Row I/O    ;                 ; no       ; Off          ;
; 100      ; 149        ; 3        ; GND*                                      ;        ;              ;         ; Row I/O    ;                 ; no       ; Off          ;
; 101      ; 150        ; 3        ; GND*                                      ;        ;              ;         ; Row I/O    ;                 ; no       ; Off          ;
; 102      ;            ; 3        ; VCCIO3                                    ; power  ;              ; 3.3V    ; --         ;                 ; --       ; --           ;
; 103      ; 153        ; 3        ; GND*                                      ;        ;              ;         ; Row I/O    ;                 ; no       ; Off          ;
; 104      ; 154        ; 3        ; GND*                                      ;        ;              ;         ; Row I/O    ;                 ; no       ; Off          ;
; 105      ;            ;          ; GND                                       ; gnd    ;              ;         ; --         ;                 ; --       ; --           ;
; 106      ;            ;          ; GND_PLL2                                  ; gnd    ;              ;         ; --         ;                 ; --       ; --           ;
; 107      ;            ;          ; VCCD_PLL2                                 ; power  ;              ; 1.2V    ; --         ;                 ; --       ; --           ;
; 108      ;            ;          ; GND_PLL2                                  ; gnd    ;              ;         ; --         ;                 ; --       ; --           ;
; 109      ;            ;          ; VCCA_PLL2                                 ; power  ;              ; 1.2V    ; --         ;                 ; --       ; --           ;
; 110      ;            ;          ; GNDA_PLL2                                 ; gnd    ;              ;         ; --         ;                 ; --       ; --           ;
; 111      ;            ;          ; GND                                       ; gnd    ;              ;         ; --         ;                 ; --       ; --           ;
; 112      ; 155        ; 2        ; GND*                                      ;        ;              ;         ; Column I/O ;                 ; no       ; Off          ;
; 113      ; 156        ; 2        ; GND*                                      ;        ;              ;         ; Column I/O ;                 ; no       ; Off          ;
; 114      ; 157        ; 2        ; GND*                                      ;        ;              ;         ; Column I/O ;                 ; no       ; Off          ;
; 115      ; 158        ; 2        ; GND*                                      ;        ;              ;         ; Column I/O ;                 ; no       ; Off          ;
; 116      ;            ; 2        ; VCCIO2                                    ; power  ;              ; 3.3V    ; --         ;                 ; --       ; --           ;
; 117      ;            ;          ; GND                                       ; gnd    ;              ;         ; --         ;                 ; --       ; --           ;
; 118      ; 161        ; 2        ; GND*                                      ;        ;              ;         ; Column I/O ;                 ; no       ; Off          ;
; 119      ; 162        ; 2        ; GND*                                      ;        ;              ;         ; Column I/O ;                 ; no       ; Off          ;
; 120      ; 163        ; 2        ; GND*                                      ;        ;              ;         ; Column I/O ;                 ; no       ; Off          ;
; 121      ; 164        ; 2        ; ST_OUT[0]                                 ; output ; LVTTL        ;         ; Column I/O ; Y               ; no       ; Off          ;
; 122      ; 165        ; 2        ; ST_OUT[1]                                 ; output ; LVTTL        ;         ; Column I/O ; Y               ; no       ; Off          ;
; 123      ;            ;          ; GND                                       ; gnd    ;              ;         ; --         ;                 ; --       ; --           ;
; 124      ;            ;          ; VCCINT                                    ; power  ;              ; 1.2V    ; --         ;                 ; --       ; --           ;
; 125      ; 173        ; 2        ; GND*                                      ;        ;              ;         ; Column I/O ;                 ; no       ; Off          ;
; 126      ; 174        ; 2        ; GND*                                      ;        ;              ;         ; Column I/O ;                 ; no       ; Off          ;
; 127      ;            ; 2        ; VCCIO2                                    ; power  ;              ; 3.3V    ; --         ;                 ; --       ; --           ;
; 128      ;            ;          ; GND                                       ; gnd    ;              ;         ; --         ;                 ; --       ; --           ;
; 129      ; 180        ; 2        ; GND*                                      ;        ;              ;         ; Column I/O ;                 ; no       ; Off          ;
; 130      ;            ;          ; GND                                       ; gnd    ;              ;         ; --         ;                 ; --       ; --           ;
; 131      ;            ;          ; VCCINT                                    ; power  ;              ; 1.2V    ; --         ;                 ; --       ; --           ;
; 132      ; 185        ; 2        ; GND*                                      ;        ;              ;         ; Column I/O ;                 ; no       ; Off          ;
; 133      ; 186        ; 2        ; GND*                                      ;        ;              ;         ; Column I/O ;                 ; no       ; Off          ;
; 134      ; 187        ; 2        ; GND*                                      ;        ;              ;         ; Column I/O ;                 ; no       ; Off          ;
; 135      ; 195        ; 2        ; GND*                                      ;        ;              ;         ; Column I/O ;                 ; no       ; Off          ;
; 136      ; 196        ; 2        ; GND*                                      ;        ;              ;         ; Column I/O ;                 ; no       ; Off          ;
; 137      ; 197        ; 2        ; GND*                                      ;        ;              ;         ; Column I/O ;                 ; no       ; Off          ;
; 138      ;            ; 2        ; VCCIO2                                    ; power  ;              ; 3.3V    ; --         ;                 ; --       ; --           ;
; 139      ; 198        ; 2        ; DIRECT[3]                                 ; output ; LVTTL        ;         ; Column I/O ; Y               ; no       ; Off          ;
; 140      ;            ;          ; GND                                       ; gnd    ;              ;         ; --         ;                 ; --       ; --           ;
; 141      ; 199        ; 2        ; DIRECT[2]                                 ; output ; LVTTL        ;         ; Column I/O ; Y               ; no       ; Off          ;
; 142      ; 200        ; 2        ; DIRECT[1]                                 ; output ; LVTTL        ;         ; Column I/O ; Y               ; no       ; Off          ;
; 143      ; 201        ; 2        ; DIRECT[0]                                 ; output ; LVTTL        ;         ; Column I/O ; Y               ; no       ; Off          ;
; 144      ; 202        ; 2        ; GND*                                      ;        ;              ;         ; Column I/O ;                 ; no       ; Off          ;
+----------+------------+----------+-------------------------------------------+--------+--------------+---------+------------+-----------------+----------+--------------+


+----------------------------------------------------------------------------------------------+
; Clock Delay Control Summary                                                                  ;
+----------------------+------------+-----------------+------------------+---------------------+
; Name                 ; Source I/O ; Location        ; Delay Chain Mode ; Delay Chain Setting ;
+----------------------+------------+-----------------+------------------+---------------------+
; CLKIN~clk_delay_ctrl ; CLKIN      ; CLKDELAYCTRL_G4 ; none             ; N/A                 ;
+----------------------+------------+-----------------+------------------+---------------------+


+-------------------------------------------------------------------------------+
; Output Pin Default Load For Reported TCO                                      ;
+----------------------------------+-------+------------------------------------+
; I/O Standard                     ; Load  ; Termination Resistance             ;
+----------------------------------+-------+------------------------------------+
; LVTTL                            ; 0 pF  ; Not Available                      ;
; LVCMOS                           ; 0 pF  ; Not Available                      ;
; 2.5 V                            ; 0 pF  ; Not Available                      ;
; 1.8 V                            ; 0 pF  ; Not Available                      ;
; 1.5 V                            ; 0 pF  ; Not Available                      ;
; 3.3-V PCI                        ; 10 pF ; 25 Ohm (Parallel)                  ;
; 3.3-V PCI-X                      ; 10 pF ; 25 Ohm (Parallel)                  ;
; SSTL-2 Class I                   ; 0 pF  ; 50 Ohm (Parallel), 25 Ohm (Serial) ;
; SSTL-2 Class II                  ; 0 pF  ; 25 Ohm (Parallel), 25 Ohm (Serial) ;
; SSTL-18 Class I                  ; 0 pF  ; 50 Ohm (Parallel), 25 Ohm (Serial) ;
; SSTL-18 Class II                 ; 0 pF  ; 25 Ohm (Parallel), 25 Ohm (Serial) ;
; 1.5-V HSTL Class I               ; 0 pF  ; 50 Ohm (Parallel)                  ;
; 1.5-V HSTL Class II              ; 0 pF  ; 25 Ohm (Parallel)                  ;
; 1.8-V HSTL Class I               ; 0 pF  ; 50 Ohm (Parallel)                  ;
; 1.8-V HSTL Class II              ; 0 pF  ; 25 Ohm (Parallel)                  ;
; Differential SSTL-2              ; 0 pF  ; (See SSTL-2)                       ;
; Differential 2.5-V SSTL Class II ; 0 pF  ; (See SSTL-2 Class II)              ;
; Differential 1.8-V SSTL Class I  ; 0 pF  ; (See 1.8-V SSTL Class I)           ;
; Differential 1.8-V SSTL Class II ; 0 pF  ; (See 1.8-V SSTL Class II)          ;
; Differential 1.5-V HSTL Class I  ; 0 pF  ; (See 1.5-V HSTL Class I)           ;
; Differential 1.5-V HSTL Class II ; 0 pF  ; (See 1.5-V HSTL Class II)          ;
; Differential 1.8-V HSTL Class I  ; 0 pF  ; (See 1.8-V HSTL Class I)           ;
; Differential 1.8-V HSTL Class II ; 0 pF  ; (See 1.8-V HSTL Class II)          ;
; LVDS                             ; 0 pF  ; 100 Ohm (Differential)             ;
; mini-LVDS                        ; 0 pF  ; 100 Ohm (Differential)             ;
; RSDS                             ; 0 pF  ; 100 Ohm (Differential)             ;
; Simple RSDS                      ; 0 pF  ; Not Available                      ;
; Differential LVPECL              ; 0 pF  ; 100 Ohm (Differential)             ;
+----------------------------------+-------+------------------------------------+
Note: User assignments will override these defaults. The user specified values are listed in the Output Pins and Bidir Pins tables.


+-----------------------------------------------------------------------------------------------------------------------------------------------------------------------------------------------------------------------------------------+
; Fitter Resource Utilization by Entity                                                                                                                                                                                                   ;
+----------------------------+-------------+-------------------+--------------+-------------+------+--------------+---------+-----------+------+--------------+--------------+-------------------+------------------+---------------------+
; Compilation Hierarchy Node ; Logic Cells ; LC Combinationals ; LC Registers ; Memory Bits ; M4Ks ; DSP Elements ; DSP 9x9 ; DSP 18x18 ; Pins ; Virtual Pins ; LUT-Only LCs ; Register-Only LCs ; LUT/Register LCs ; Full Hierarchy Name ;
+----------------------------+-------------+-------------------+--------------+-------------+------+--------------+---------+-----------+------+--------------+--------------+-------------------+------------------+---------------------+
; |Vhdl1                     ; 211 (211)   ; 211 (211)         ; 12 (12)      ; 0           ; 0    ; 0            ; 0       ; 0         ; 20   ; 0            ; 199 (199)    ; 0 (0)             ; 12 (12)          ; |Vhdl1              ;
+----------------------------+-------------+-------------------+--------------+-------------+------+--------------+---------+-----------+------+--------------+--------------+-------------------+------------------+---------------------+
Note: For table entries with two numbers listed, the numbers in parentheses indicate the number of resources of the given type used by the specific entity alone. The numbers listed outside of parentheses indicate the total resources of the given type used by the specific entity and all of its sub-entities in the hierarchy.


+--------------------------------------------------------------------------------------+
; Delay Chain Summary                                                                  ;
+-------------+----------+---------------+---------------+-----------------------+-----+
; Name        ; Pin Type ; Pad to Core 0 ; Pad to Core 1 ; Pad to Input Register ; TCO ;
+-------------+----------+---------------+---------------+-----------------------+-----+
; CLKIN       ; Input    ; 0             ; 0             ; --                    ; --  ;
; DELAY       ; Input    ; 6             ; 6             ; --                    ; --  ;
; CLOSE       ; Input    ; 0             ; 0             ; --                    ; --  ;
; RUN_STOP    ; Input    ; 6             ; 6             ; --                    ; --  ;
; ST_CH       ; Input    ; 6             ; 0             ; --                    ; --  ;
; DOWNIN      ; Input    ; 6             ; 0             ; --                    ; --  ;
; UPIN        ; Input    ; 6             ; 0             ; --                    ; --  ;
; LAMP        ; Output   ; --            ; --            ; --                    ; --  ;
; RUN_WAIT[0] ; Output   ; --            ; --            ; --                    ; --  ;
; RUN_WAIT[1] ; Output   ; --            ; --            ; --                    ; --  ;
; RUN_WAIT[2] ; Output   ; --            ; --            ; --                    ; --  ;
; RUN_WAIT[3] ; Output   ; --            ; --            ; --                    ; --  ;
; ST_OUT[0]   ; Output   ; --            ; --            ; --                    ; --  ;
; ST_OUT[1]   ; Output   ; --            ; --            ; --                    ; --  ;
; ST_OUT[2]   ; Output   ; --            ; --            ; --                    ; --  ;
; ST_OUT[3]   ; Output   ; --            ; --            ; --                    ; --  ;
; DIRECT[0]   ; Output   ; --            ; --            ; --                    ; --  ;
; DIRECT[1]   ; Output   ; --            ; --            ; --                    ; --  ;
; DIRECT[2]   ; Output   ; --            ; --            ; --                    ; --  ;
; DIRECT[3]   ; Output   ; --            ; --            ; --                    ; --  ;
+-------------+----------+---------------+---------------+-----------------------+-----+


+---------------------------------------------------+
; Pad To Core Delay Chain Fanout                    ;
+---------------------+-------------------+---------+
; Source Pin / Fanout ; Pad To Core Index ; Setting ;
+---------------------+-------------------+---------+
; CLKIN               ;                   ;         ;
; DELAY               ;                   ;         ;
;      - WAI_T~242    ; 0                 ; 6       ;
;      - WAI_T~245    ; 0                 ; 6       ;
; CLOSE               ;                   ;         ;
; RUN_STOP            ;                   ;         ;
;      - LADD[1]      ; 0                 ; 6       ;
;      - LADD[0]      ; 0                 ; 6       ;
;      - DR[7]        ; 0                 ; 6       ;
;      - UR[7]        ; 0                 ; 6       ;
;      - DR[13]       ; 0                 ; 6       ;
;      - UR[13]       ; 0                 ; 6       ;
;      - DR[5]        ; 0                 ; 6       ;
;      - UR[5]        ; 0                 ; 6       ;
;      - DR[15]       ; 0                 ; 6       ;
;      - UR[15]       ; 0                 ; 6       ;
;      - DR[10]       ; 0                 ; 6       ;
;      - UR[10]       ; 0                 ; 6       ;
;      - DR[4]        ; 0                 ; 6       ;
;      - UR[4]        ; 0                 ; 6       ;
;      - DR[2]        ; 0                 ; 6       ;
;      - UR[2]        ; 0                 ; 6       ;
;      - DR[12]       ; 0                 ; 6       ;
;      - UR[12]       ; 0                 ; 6       ;
;      - DR[3]        ; 0                 ; 6       ;
;      - UR[3]        ; 0                 ; 6       ;
;      - DR[9]        ; 0                 ; 6       ;
;      - UR[9]        ; 0                 ; 6       ;
;      - DR[1]        ; 0                 ; 6       ;
;      - UR[1]        ; 0                 ; 6       ;
;      - DR[11]       ; 0                 ; 6       ;
;      - UR[11]       ; 0                 ; 6       ;
;      - DR[8]        ; 0                 ; 6       ;
;      - UR[8]        ; 0                 ; 6       ;
;      - DR[14]       ; 0                 ; 6       ;
;      - UR[14]       ; 0                 ; 6       ;
;      - DR[6]        ; 0                 ; 6       ;
;      - UR[6]        ; 0                 ; 6       ;
;      - DR[16]       ; 0                 ; 6       ;
;      - UR[16]       ; 0                 ; 6       ;
; ST_CH               ;                   ;         ;
;      - comb~667     ; 0                 ; 6       ;
;      - P2~707       ; 1                 ; 0       ;
;      - comb~671     ; 0                 ; 6       ;
;      - P2~712       ; 1                 ; 0       ;
;      - comb~685     ; 0                 ; 6       ;
;      - comb~689     ; 0                 ; 6       ;
;      - comb~705     ; 0                 ; 6       ;
;      - comb~707     ; 0                 ; 6       ;
; DOWNIN              ;                   ;         ;
;      - comb~667     ; 0                 ; 6       ;
;      - P2~707       ; 1                 ; 0       ;
;      - comb~685     ; 0                 ; 6       ;
;      - comb~705     ; 0                 ; 6       ;
; UPIN                ;                   ;         ;
;      - comb~671     ; 0                 ; 6       ;
;      - P2~712       ; 1                 ; 0       ;
;      - comb~689     ; 0                 ; 6       ;
;      - comb~707     ; 0                 ; 6       ;
+---------------------+-------------------+---------+


+---------------------------------------------------------------------------------------------------------------------------------------------------+
; Control Signals                                                                                                                                   ;
+----------------------+--------------------+---------+--------------+--------+----------------------+------------------+---------------------------+
; Name                 ; Location           ; Fan-Out ; Usage        ; Global ; Global Resource Used ; Global Line Name ; Enable Signal Source Name ;
+----------------------+--------------------+---------+--------------+--------+----------------------+------------------+---------------------------+
; CLKIN                ; PIN_93             ; 1       ; Clock        ; no     ; --                   ; --               ; --                        ;
; CLKIN~clk_delay_ctrl ; CLKDELAYCTRL_G4    ; 5       ; Clock        ; yes    ; Global clock         ; GCLK4            ; --                        ;
; DIR[0]               ; LCFF_X19_Y11_N21   ; 7       ; Clock        ; yes    ; Global clock         ; GCLK1            ; --                        ;
; Equal1~28            ; LCCOMB_X18_Y9_N6   ; 2       ; Latch enable ; no     ; --                   ; --               ; --                        ;
; LIFTOR[2]~902        ; LCCOMB_X18_Y9_N24  ; 3       ; Clock enable ; no     ; --                   ; --               ; --                        ;
; comb~2               ; LCCOMB_X18_Y9_N14  ; 1       ; Latch enable ; no     ; --                   ; --               ; --                        ;
; comb~670             ; LCCOMB_X17_Y8_N18  ; 1       ; Latch enable ; no     ; --                   ; --               ; --                        ;
; comb~673             ; LCCOMB_X17_Y8_N30  ; 1       ; Latch enable ; no     ; --                   ; --               ; --                        ;
; comb~676             ; LCCOMB_X18_Y13_N4  ; 1       ; Latch enable ; no     ; --                   ; --               ; --                        ;
; comb~678             ; LCCOMB_X18_Y13_N22 ; 1       ; Latch enable ; no     ; --                   ; --               ; --                        ;
; comb~680             ; LCCOMB_X18_Y11_N2  ; 1       ; Latch enable ; no     ; --                   ; --               ; --                        ;
; comb~681             ; LCCOMB_X18_Y11_N30 ; 1       ; Latch enable ; no     ; --                   ; --               ; --                        ;
; comb~683             ; LCCOMB_X19_Y9_N28  ; 1       ; Latch enable ; no     ; --                   ; --               ; --                        ;
; comb~684             ; LCCOMB_X19_Y9_N26  ; 1       ; Latch enable ; no     ; --                   ; --               ; --                        ;
; comb~688             ; LCCOMB_X18_Y12_N28 ; 1       ; Latch enable ; no     ; --                   ; --               ; --                        ;
; comb~691             ; LCCOMB_X18_Y12_N26 ; 1       ; Latch enable ; no     ; --                   ; --               ; --                        ;
; comb~692             ; LCCOMB_X18_Y10_N0  ; 1       ; Latch enable ; no     ; --                   ; --               ; --                        ;
; comb~693             ; LCCOMB_X18_Y10_N12 ; 1       ; Latch enable ; no     ; --                   ; --               ; --                        ;
; comb~694             ; LCCOMB_X17_Y11_N18 ; 1       ; Latch enable ; no     ; --                   ; --               ; --                        ;
; comb~695             ; LCCOMB_X17_Y11_N12 ; 1       ; Latch enable ; no     ; --                   ; --               ; --                        ;
; comb~697             ; LCCOMB_X18_Y13_N8  ; 1       ; Latch enable ; no     ; --                   ; --               ; --                        ;
; comb~698             ; LCCOMB_X18_Y13_N30 ; 1       ; Latch enable ; no     ; --                   ; --               ; --                        ;
; comb~700             ; LCCOMB_X17_Y8_N2   ; 1       ; Latch enable ; no     ; --                   ; --               ; --                        ;
; comb~701             ; LCCOMB_X17_Y8_N20  ; 1       ; Latch enable ; no     ; --                   ; --               ; --                        ;
; comb~703             ; LCCOMB_X18_Y11_N14 ; 1       ; Latch enable ; no     ; --                   ; --               ; --                        ;
; comb~704             ; LCCOMB_X18_Y11_N6  ; 1       ; Latch enable ; no     ; --                   ; --               ; --                        ;
; comb~706             ; LCCOMB_X17_Y11_N14 ; 1       ; Latch enable ; no     ; --                   ; --               ; --                        ;
; comb~708             ; LCCOMB_X17_Y11_N6  ; 1       ; Latch enable ; no     ; --                   ; --               ; --                        ;
; comb~710             ; LCCOMB_X18_Y12_N10 ; 1       ; Latch enable ; no     ; --                   ; --               ; --                        ;
; comb~711             ; LCCOMB_X18_Y12_N30 ; 1       ; Latch enable ; no     ; --                   ; --               ; --                        ;
; comb~712             ; LCCOMB_X18_Y8_N18  ; 1       ; Latch enable ; no     ; --                   ; --               ; --                        ;
; comb~713             ; LCCOMB_X18_Y8_N26  ; 1       ; Latch enable ; no     ; --                   ; --               ; --                        ;
; comb~715             ; LCCOMB_X21_Y9_N28  ; 1       ; Latch enable ; no     ; --                   ; --               ; --                        ;
; comb~716             ; LCCOMB_X21_Y9_N0   ; 1       ; Latch enable ; no     ; --                   ; --               ; --                        ;
; comb~718             ; LCCOMB_X17_Y8_N12  ; 1       ; Latch enable ; no     ; --                   ; --               ; --                        ;
; comb~719             ; LCCOMB_X18_Y8_N2   ; 1       ; Latch enable ; no     ; --                   ; --               ; --                        ;
; comb~720             ; LCCOMB_X19_Y9_N18  ; 1       ; Latch enable ; no     ; --                   ; --               ; --                        ;
; comb~721             ; LCCOMB_X21_Y9_N10  ; 1       ; Latch enable ; no     ; --                   ; --               ; --                        ;
+----------------------+--------------------+---------+--------------+--------+----------------------+------------------+---------------------------+


+-------------------------------------------------------------------------------------------------------------------------+
; Global & Other Fast Signals                                                                                             ;
+----------------------+------------------+---------+----------------------+------------------+---------------------------+
; Name                 ; Location         ; Fan-Out ; Global Resource Used ; Global Line Name ; Enable Signal Source Name ;
+----------------------+------------------+---------+----------------------+------------------+---------------------------+
; CLKIN~clk_delay_ctrl ; CLKDELAYCTRL_G4  ; 5       ; Global clock         ; GCLK4            ; --                        ;
; DIR[0]               ; LCFF_X19_Y11_N21 ; 7       ; Global clock         ; GCLK1            ; --                        ;
+----------------------+------------------+---------+----------------------+------------------+---------------------------+


+---------------------------------+
; Non-Global High Fan-Out Signals ;
+-----------+---------------------+
; Name      ; Fan-Out             ;
+-----------+---------------------+
; RUN_STOP  ; 34                  ;
; LIFTOR[2] ; 31                  ;
; LIFTOR[1] ; 31                  ;
; LIFTOR[3] ; 30                  ;
; LIFTOR[0] ; 29                  ;
; DIR[0]    ; 27                  ;
; HAND~21   ; 22                  ;
; DIR[1]    ; 21                  ;
; P2~712    ; 20                  ;
; P2~707    ; 20                  ;
; DIR[2]    ; 18                  ;
; DIR[3]    ; 17                  ;
; LADD[0]   ; 14                  ;
; LADD[1]   ; 9                   ;
; ST_CH     ; 8                   ;
; WAI_T[1]  ; 8                   ;
; WAI_T[0]  ; 8                   ;
; comb~689  ; 7                   ;
; comb~685  ; 7                   ;
; comb~671  ; 7                   ;
; comb~667  ; 7                   ;
; Equal2~59 ; 7                   ;
; Equal2~57 ; 7                   ;
; WAI_T[2]  ; 7                   ;
; P3~1175   ; 5                   ;
; P3~13     ; 5                   ;
; P3~19     ; 5                   ;
; P3~7      ; 5                   ;
; P3~16     ; 5                   ;
; UPIN      ; 4                   ;
; DOWNIN    ; 4                   ;
; P2~711    ; 4                   ;
; P2~706    ; 4                   ;
; Add0~151  ; 4                   ;
; Add1~139  ; 4                   ;
; Mux1~1103 ; 4                   ;
; P3~43     ; 4                   ;
; P3~0      ; 4                   ;
; P3~10     ; 4                   ;
; Add0~150  ; 4                   ;
; Add0~149  ; 4                   ;
; Add0~148  ; 4                   ;
; UR[14]    ; 3                   ;
; DR[14]    ; 3                   ;
; UR[11]    ; 3                   ;
; DR[11]    ; 3                   ;
; UR[9]     ; 3                   ;
; DR[9]     ; 3                   ;
; UR[3]     ; 3                   ;
; DR[3]     ; 3                   ;
+-----------+---------------------+


+-----------------------------------------------------+
; Interconnect Usage Summary                          ;
+----------------------------+------------------------+
; Interconnect Resource Type ; Usage                  ;
+----------------------------+------------------------+
; Block interconnects        ; 334 / 26,052 ( 1 % )   ;
; C16 interconnects          ; 4 / 1,156 ( < 1 % )    ;
; C4 interconnects           ; 185 / 17,952 ( 1 % )   ;
; Direct links               ; 47 / 26,052 ( < 1 % )  ;
; Global clocks              ; 2 / 8 ( 25 % )         ;
; Local interconnects        ; 158 / 8,256 ( 2 % )    ;
; R24 interconnects          ; 15 / 1,020 ( 1 % )     ;
; R4 interconnects           ; 209 / 22,440 ( < 1 % ) ;
+----------------------------+------------------------+


+----------------------------------------------------------------------------+
; LAB Logic Elements                                                         ;
+---------------------------------------------+------------------------------+
; Number of Logic Elements  (Average = 13.19) ; Number of LABs  (Total = 16) ;
+---------------------------------------------+------------------------------+
; 1                                           ; 3                            ;
; 2                                           ; 0                            ;
; 3                                           ; 0                            ;
; 4                                           ; 0                            ;
; 5                                           ; 0                            ;
; 6                                           ; 0                            ;
; 7                                           ; 0                            ;
; 8                                           ; 0                            ;
; 9                                           ; 0                            ;
; 10                                          ; 0                            ;
; 11                                          ; 0                            ;
; 12                                          ; 0                            ;
; 13                                          ; 0                            ;
; 14                                          ; 0                            ;
; 15                                          ; 0                            ;
; 16                                          ; 13                           ;
+---------------------------------------------+------------------------------+


+-------------------------------------------------------------------+
; LAB-wide Signals                                                  ;
+------------------------------------+------------------------------+
; LAB-wide Signals  (Average = 0.38) ; Number of LABs  (Total = 16) ;
+------------------------------------+------------------------------+
; 1 Clock                            ; 2                            ;
; 1 Clock enable                     ; 2                            ;
; 2 Clocks                           ; 2                            ;
+------------------------------------+------------------------------+


+-----------------------------------------------------------------------------+
; LAB Signals Sourced                                                         ;
+----------------------------------------------+------------------------------+
; Number of Signals Sourced  (Average = 13.94) ; Number of LABs  (Total = 16) ;
+----------------------------------------------+------------------------------+
; 0                                            ; 0                            ;
; 1                                            ; 3                            ;
; 2                                            ; 0                            ;
; 3                                            ; 0                            ;
; 4                                            ; 0                            ;
; 5                                            ; 0                            ;
; 6                                            ; 0                            ;
; 7                                            ; 0                            ;
; 8                                            ; 0                            ;
; 9                                            ; 0                            ;
; 10                                           ; 0                            ;
; 11                                           ; 0                            ;
; 12                                           ; 0                            ;
; 13                                           ; 0                            ;
; 14                                           ; 0                            ;
; 15                                           ; 0                            ;
; 16                                           ; 9                            ;
; 17                                           ; 1                            ;
; 18                                           ; 0                            ;
; 19                                           ; 1                            ;
; 20                                           ; 2                            ;
+----------------------------------------------+------------------------------+


+--------------------------------------------------------------------------------+
; LAB Signals Sourced Out                                                        ;
+-------------------------------------------------+------------------------------+
; Number of Signals Sourced Out  (Average = 5.50) ; Number of LABs  (Total = 16) ;
+-------------------------------------------------+------------------------------+
; 0                                               ; 0                            ;
; 1                                               ; 3                            ;
; 2                                               ; 0                            ;
; 3                                               ; 1                            ;
; 4                                               ; 3                            ;
; 5                                               ; 2                            ;
; 6                                               ; 0                            ;
; 7                                               ; 3                            ;
; 8                                               ; 2                            ;
; 9                                               ; 1                            ;
; 10                                              ; 0                            ;
; 11                                              ; 0                            ;
; 12                                              ; 0                            ;
; 13                                              ; 0                            ;
; 14                                              ; 1                            ;
+-------------------------------------------------+------------------------------+


+-----------------------------------------------------------------------------+
; LAB Distinct Inputs                                                         ;
+----------------------------------------------+------------------------------+
; Number of Distinct Inputs  (Average = 15.88) ; Number of LABs  (Total = 16) ;
+----------------------------------------------+------------------------------+
; 0                                            ; 0                            ;
; 1                                            ; 0                            ;
; 2                                            ; 3                            ;
; 3                                            ; 0                            ;
; 4                                            ; 0                            ;
; 5                                            ; 0                            ;
; 6                                            ; 0                            ;
; 7                                            ; 0                            ;
; 8                                            ; 0                            ;
; 9                                            ; 0                            ;
; 10                                           ; 0                            ;
; 11                                           ; 0                            ;
; 12                                           ; 1                            ;
; 13                                           ; 0                            ;
; 14                                           ; 0                            ;
; 15                                           ; 0                            ;
; 16                                           ; 1                            ;
; 17                                           ; 3                            ;
; 18                                           ; 2                            ;
; 19                                           ; 1                            ;
; 20                                           ; 0                            ;
; 21                                           ; 1                            ;
; 22                                           ; 2                            ;
; 23                                           ; 1                            ;
; 24                                           ; 0                            ;
; 25                                           ; 0                            ;
; 26                                           ; 1                            ;
+----------------------------------------------+------------------------------+


+-------------------------------------------------------------------------+
; Fitter Device Options                                                   ;
+----------------------------------------------+--------------------------+
; Option                                       ; Setting                  ;
+----------------------------------------------+--------------------------+
; Enable user-supplied start-up clock (CLKUSR) ; Off                      ;
; Enable device-wide reset (DEV_CLRn)          ; Off                      ;
; Enable device-wide output enable (DEV_OE)    ; Off                      ;
; Enable INIT_DONE output                      ; Off                      ;
; Configuration scheme                         ; Active Serial            ;
; Error detection CRC                          ; Off                      ;
; Reserve ASDO pin after configuration.        ; As input tri-stated      ;
; Reserve all unused pins                      ; As output driving ground ;
; Base pin-out file on sameframe device        ; Off                      ;
+----------------------------------------------+--------------------------+


+----------------------------+
; Advanced Data - General    ;
+--------------------+-------+
; Name               ; Value ;
+--------------------+-------+
; Status Code        ; 0     ;
; Desired User Slack ; 0     ;
; Fit Attempts       ; 1     ;
+--------------------+-------+


+---------------------------------------------------------------------------------+
; Advanced Data - Placement Preparation                                           ;
+------------------------------------------------------------------+--------------+
; Name                                                             ; Value        ;
+------------------------------------------------------------------+--------------+
; Auto Fit Point 1 - Fit Attempt 1                                 ; ff           ;
; Mid Wire Use - Fit Attempt 1                                     ; 1            ;
; Mid Slack - Fit Attempt 1                                        ; -26979       ;
; Internal Atom Count - Fit Attempt 1                              ; 224          ;
; LE/ALM Count - Fit Attempt 1                                     ; 212          ;
; LAB Count - Fit Attempt 1                                        ; 17           ;
; Outputs per Lab - Fit Attempt 1                                  ; 5.176        ;
; Inputs per LAB - Fit Attempt 1                                   ; 14.765       ;
; Global Inputs per LAB - Fit Attempt 1                            ; 0.353        ;
; LAB Constraint 'non-global clock + sync load' - Fit Attempt 1    ; 0:17         ;
; LAB Constraint 'non-global controls' - Fit Attempt 1             ; 0:15;1:2     ;
; LAB Constraint 'non-global + aclr' - Fit Attempt 1               ; 0:15;1:2     ;
; LAB Constraint 'global non-clock non-aclr' - Fit Attempt 1       ; 0:17         ;
; LAB Constraint 'global controls' - Fit Attempt 1                 ; 0:13;1:2;2:2 ;
; LAB Constraint 'deterministic LABSMUXA/LABXMUXB' - Fit Attempt 1 ; 0:15;1:2     ;
; LAB Constraint 'deterministic LABSMUXC/LABXMUXD' - Fit Attempt 1 ; 0:15;1:2     ;
; LAB Constraint 'clock / ce pair constraint' - Fit Attempt 1      ; 0:13;1:1;2:3 ;
; LAB Constraint 'aclr constraint' - Fit Attempt 1                 ; 0:13;1:4     ;
; LAB Constraint 'true sload_sclear pair' - Fit Attempt 1          ; 0:16;1:1     ;
; LAB Constraint 'constant sload_sclear pair' - Fit Attempt 1      ; 0:17         ;
; LAB Constraint 'has placement constraint' - Fit Attempt 1        ; 0:17         ;
; LEs in Chains - Fit Attempt 1                                    ; 0            ;
; LEs in Long Chains - Fit Attempt 1                               ; 0            ;
; LABs with Chains - Fit Attempt 1                                 ; 0            ;
; LABs with Multiple Chains - Fit Attempt 1                        ; 0            ;
; Time - Fit Attempt 1                                             ; 0            ;
; Time in tsm_tan.dll - Fit Attempt 1                              ; 0.032        ;
+------------------------------------------------------------------+--------------+


+----------------------------------------------+
; Advanced Data - Placement                    ;
+-------------------------------------+--------+
; Name                                ; Value  ;
+-------------------------------------+--------+
; Auto Fit Point 2 - Fit Attempt 1    ; ff     ;
; Early Wire Use - Fit Attempt 1      ; 1      ;
; Early Slack - Fit Attempt 1         ; -26638 ;
; Auto Fit Point 3 - Fit Attempt 1    ; ff     ;
; Auto Fit Point 4 - Fit Attempt 1    ; ff     ;
; Mid Wire Use - Fit Attempt 1        ; 1      ;
; Mid Slack - Fit Attempt 1           ; -21858 ;
; Late Wire Use - Fit Attempt 1       ; 1      ;
; Late Slack - Fit Attempt 1          ; -21858 ;
; Auto Fit Point 5 - Fit Attempt 1    ; ff     ;
; Time - Fit Attempt 1                ; 0      ;
; Time in tsm_tan.dll - Fit Attempt 1 ; 0.062  ;
+-------------------------------------+--------+


+----------------------------------------------+
; Advanced Data - Routing                      ;
+-------------------------------------+--------+
; Name                                ; Value  ;
+-------------------------------------+--------+
; Early Slack - Fit Attempt 1         ; -17323 ;
; Early Wire Use - Fit Attempt 1      ; 1      ;
; Peak Regional Wire - Fit Attempt 1  ; 2      ;
; Mid Slack - Fit Attempt 1           ; -21445 ;
; Late Slack - Fit Attempt 1          ; -21312 ;
; Late Slack - Fit Attempt 1          ; -21312 ;
; Late Wire Use - Fit Attempt 1       ; 1      ;
; Time - Fit Attempt 1                ; 1      ;
; Time in tsm_tan.dll - Fit Attempt 1 ; 0.219  ;
+-------------------------------------+--------+


+-----------------+
; Fitter Messages ;
+-----------------+
Info: *******************************************************************
Info: Running Quartus II Fitter
    Info: Version 6.0 Build 178 04/27/2006 SJ Full Version
    Info: Processing started: Sun Jan 01 00:08:01 2006
Info: Command: quartus_fit --read_settings_files=off --write_settings_files=off Vhdl1 -c Vhdl1
Info: Selected device EP2C8T144C8 for design "Vhdl1"
Info: Fitter is performing an Auto Fit compilation, which may decrease Fitter effort to reduce compilation time
Info: Timing requirements not specified -- quality metrics such as performance and power consumption may be sacrificed to reduce compilation time.
Info: Device migration not selected. If you intend to use device migration later, you may need to change the pin assignments as they may be incompatible with other devices
    Info: Device EP2C5T144C8 is compatible
    Info: Device EP2C5T144I8 is compatible
    Info: Device EP2C8T144I8 is compatible
Info: Automatically promoted node CLKIN (placed in PIN 93 (LVDS47p, DPCLK7/DQS0R/CQ1R))
    Info: Automatically promoted destinations to use location or clock signal Global Clock CLKCTRL_G4
Info: Automatically promoted node DIR[0] 
    Info: Automatically promoted destinations to use location or clock signal Global Clock
    Info: Following destination nodes may be non-global or may not use global or regional clocks
        Info: Destination node DIRECT[0]
        Info: Destination node Add0~148
        Info: Destination node Add0~149
        Info: Destination node Add0~150
        Info: Destination node P2~703
        Info: Destination node Add0~151
        Info: Destination node comb~667
        Info: Destination node Mux49~144
        Info: Destination node P2~708
        Info: Destination node comb~671
        Info: Non-global destination nodes limited to 10 nodes
Info: Starting register packing
Info: Finished register packing: elapsed time is 00:00:00
    Extra Info: No registers were packed into other blocks
Warning: Ignored locations or region assignments to the following nodes
    Warning: Node "DIRECT" is assigned to location or region, but does not exist in design
    Warning: Node "RUN_WAIT" is assigned to location or region, but does not exist in design
    Warning: Node "ST_OUT" is assigned to location or region, but does not exist in design
Info: Fitter placement preparation operations beginning
Info: Fitter placement preparation operations ending: elapsed time is 00:00:00
Info: Fitter placement operations beginning
Info: Fitter placement was successful
Info: Fitter placement operations ending: elapsed time is 00:00:00
Info: Estimated most critical path is register to register delay of 5.457 ns
    Info: 1: + IC(0.000 ns) + CELL(0.000 ns) = 0.000 ns; Loc. = LAB_X17_Y9; Fanout = 13; REG Node = 'LADD[0]'
    Info: 2: + IC(0.898 ns) + CELL(0.651 ns) = 1.549 ns; Loc. = LAB_X21_Y9; Fanout = 1; COMB Node = 'P3~42'
    Info: 3: + IC(1.309 ns) + CELL(0.206 ns) = 3.064 ns; Loc. = LAB_X17_Y9; Fanout = 1; COMB Node = 'Mux1~1108'
    Info: 4: + IC(0.187 ns) + CELL(0.624 ns) = 3.875 ns; Loc. = LAB_X17_Y9; Fanout = 1; COMB Node = 'Mux1~1114'
    Info: 5: + IC(0.441 ns) + CELL(0.366 ns) = 4.682 ns; Loc. = LAB_X17_Y9; Fanout = 1; COMB Node = 'Mux1~1122'
    Info: 6: + IC(0.160 ns) + CELL(0.615 ns) = 5.457 ns; Loc. = LAB_X17_Y9; Fanout = 13; REG Node = 'LADD[0]'
    Info: Total cell delay = 2.462 ns ( 45.12 % )
    Info: Total interconnect delay = 2.995 ns ( 54.88 % )
Info: Fitter routing operations beginning
Info: Average interconnect usage is 0% of the available device resources. Peak interconnect usage is 2%
    Info: The peak interconnect region extends from location x11_y0 to location x22_y9
Info: Fitter routing operations ending: elapsed time is 00:00:01
Info: The Fitter performed an Auto Fit compilation.  Optimizations were skipped to reduce compilation time.
    Info: Optimizations that may affect the design's routability were skipped
    Info: Optimizations that may affect the design's timing were skipped
Info: Started post-fitting delay annotation
Warning: Found 13 output pins without output pin load capacitance assignment
    Info: Pin "LAMP" has no specified output pin load capacitance -- assuming default load capacitance of 0 pF for timing analysis
    Info: Pin "RUN_WAIT[0]" has no specified output pin load capacitance -- assuming default load capacitance of 0 pF for timing analysis
    Info: Pin "RUN_WAIT[1]" has no specified output pin load capacitance -- assuming default load capacitance of 0 pF for timing analysis
    Info: Pin "RUN_WAIT[2]" has no specified output pin load capacitance -- assuming default load capacitance of 0 pF for timing analysis
    Info: Pin "RUN_WAIT[3]" has no specified output pin load capacitance -- assuming default load capacitance of 0 pF for timing analysis
    Info: Pin "ST_OUT[0]" has no specified output pin load capacitance -- assuming default load capacitance of 0 pF for timing analysis
    Info: Pin "ST_OUT[1]" has no specified output pin load capacitance -- assuming default load capacitance of 0 pF for timing analysis
    Info: Pin "ST_OUT[2]" has no specified output pin load capacitance -- assuming default load capacitance of 0 pF for timing analysis
    Info: Pin "ST_OUT[3]" has no specified output pin load capacitance -- assuming default load capacitance of 0 pF for timing analysis
    Info: Pin "DIRECT[0]" has no specified output pin load capacitance -- assuming default load capacitance of 0 pF for timing analysis
    Info: Pin "DIRECT[1]" has no specified output pin load capacitance -- assuming default load capacitance of 0 pF for timing analysis
    Info: Pin "DIRECT[2]" has no specified output pin load capacitance -- assuming default load capacitance of 0 pF for timing analysis
    Info: Pin "DIRECT[3]" has no specified output pin load capacitance -- assuming default load capacitance of 0 pF for timing analysis
Info: Delay annotation completed successfully
Warning: Following 1 pins have nothing, GND, or VCC driving datain port -- changes to this connectivity may change fitting results
    Info: Pin RUN_WAIT[3] has GND driving its datain port
Info: Quartus II Fitter was successful. 0 errors, 6 warnings
    Info: Processing ended: Sun Jan 01 00:08:07 2006
    Info: Elapsed time: 00:00:06


+----------------------------+
; Fitter Suppressed Messages ;
+----------------------------+
The suppressed messages can be found in C:/Documents and Settings/Administrator/×ÀÃæ/µçÌÝ/Vhdl1.fit.smsg.


